This file contains any messages produced by compilers while
running configure, to aid debugging if configure makes a mistake.

It was created by Glade configure 2.12.2, which was
generated by GNU Autoconf 2.61.  Invocation command line was

  $ ./configure 

## --------- ##
## Platform. ##
## --------- ##

hostname = anouar-Satellite-L500
uname -m = x86_64
uname -r = 3.17.1-031701-generic
uname -s = Linux
uname -v = #201410150735 SMP Wed Oct 15 11:36:31 UTC 2014

/usr/bin/uname -p = unknown
/bin/uname -X     = unknown

/bin/arch              = unknown
/usr/bin/arch -k       = unknown
/usr/convex/getsysinfo = unknown
/usr/bin/hostinfo      = unknown
/bin/machine           = unknown
/usr/bin/oslevel       = unknown
/bin/universe          = unknown

PATH: /usr/local/sbin
PATH: /usr/local/bin
PATH: /usr/sbin
PATH: /usr/bin
PATH: /sbin
PATH: /bin
PATH: /usr/games
PATH: /usr/local/games
PATH: /home/anouar/raspberrypi/tools/arm-bcm2708/gcc-linaro-arm-linux-gnueabihf-raspbian/bin


## ----------- ##
## Core tests. ##
## ----------- ##

configure:2084: checking for a BSD-compatible install
configure:2140: result: /usr/bin/install -c
configure:2151: checking whether build environment is sane
configure:2194: result: yes
configure:2222: checking for a thread-safe mkdir -p
configure:2261: result: /bin/mkdir -p
configure:2274: checking for gawk
configure:2290: found /usr/bin/gawk
configure:2301: result: gawk
configure:2312: checking whether make sets $(MAKE)
configure:2333: result: yes
configure:2521: checking whether to enable maintainer-specific portions of Makefiles
configure:2530: result: no
configure:2558: checking for style of include used by make
configure:2586: result: GNU
configure:2656: checking for gcc
configure:2672: found /usr/bin/gcc
configure:2683: result: gcc
configure:2921: checking for C compiler version
configure:2928: gcc --version >&5
gcc (Ubuntu 4.9.1-16ubuntu6) 4.9.1
Copyright (C) 2014 Free Software Foundation, Inc.
This is free software; see the source for copying conditions.  There is NO
warranty; not even for MERCHANTABILITY or FITNESS FOR A PARTICULAR PURPOSE.

configure:2931: $? = 0
configure:2938: gcc -v >&5
Using built-in specs.
COLLECT_GCC=gcc
COLLECT_LTO_WRAPPER=/usr/lib/gcc/x86_64-linux-gnu/4.9/lto-wrapper
Target: x86_64-linux-gnu
Configured with: ../src/configure -v --with-pkgversion='Ubuntu 4.9.1-16ubuntu6' --with-bugurl=file:///usr/share/doc/gcc-4.9/README.Bugs --enable-languages=c,c++,java,go,d,fortran,objc,obj-c++ --prefix=/usr --program-suffix=-4.9 --enable-shared --enable-linker-build-id --libexecdir=/usr/lib --without-included-gettext --enable-threads=posix --with-gxx-include-dir=/usr/include/c++/4.9 --libdir=/usr/lib --enable-nls --with-sysroot=/ --enable-clocale=gnu --enable-libstdcxx-debug --enable-libstdcxx-time=yes --enable-gnu-unique-object --disable-vtable-verify --enable-plugin --with-system-zlib --disable-browser-plugin --enable-java-awt=gtk --enable-gtk-cairo --with-java-home=/usr/lib/jvm/java-1.5.0-gcj-4.9-amd64/jre --enable-java-home --with-jvm-root-dir=/usr/lib/jvm/java-1.5.0-gcj-4.9-amd64 --with-jvm-jar-dir=/usr/lib/jvm-exports/java-1.5.0-gcj-4.9-amd64 --with-arch-directory=amd64 --with-ecj-jar=/usr/share/java/eclipse-ecj.jar --enable-objc-gc --enable-multiarch --disable-werror --with-arch-32=i686 --with-abi=m64 --with-multilib-list=m32,m64,mx32 --enable-multilib --with-tune=generic --enable-checking=release --build=x86_64-linux-gnu --host=x86_64-linux-gnu --target=x86_64-linux-gnu
Thread model: posix
gcc version 4.9.1 (Ubuntu 4.9.1-16ubuntu6) 
configure:2941: $? = 0
configure:2948: gcc -V >&5
gcc: error: unrecognized command line option '-V'
gcc: fatal error: no input files
compilation terminated.
configure:2951: $? = 4
configure:2974: checking for C compiler default output file name
configure:3001: gcc    conftest.c  >&5
configure:3004: $? = 0
configure:3042: result: a.out
configure:3059: checking whether the C compiler works
configure:3069: ./a.out
configure:3072: $? = 0
configure:3089: result: yes
configure:3096: checking whether we are cross compiling
configure:3098: result: no
configure:3101: checking for suffix of executables
configure:3108: gcc -o conftest    conftest.c  >&5
configure:3111: $? = 0
configure:3135: result: 
configure:3141: checking for suffix of object files
configure:3167: gcc -c   conftest.c >&5
configure:3170: $? = 0
configure:3193: result: o
configure:3197: checking whether we are using the GNU C compiler
configure:3226: gcc -c   conftest.c >&5
configure:3232: $? = 0
configure:3249: result: yes
configure:3254: checking whether gcc accepts -g
configure:3284: gcc -c -g  conftest.c >&5
configure:3290: $? = 0
configure:3389: result: yes
configure:3406: checking for gcc option to accept ISO C89
configure:3480: gcc  -c -g -O2  conftest.c >&5
configure:3486: $? = 0
configure:3509: result: none needed
configure:3529: checking dependency style of gcc
configure:3620: result: gcc3
configure:3636: checking for library containing strerror
configure:3677: gcc -o conftest -g -O2   conftest.c  >&5
configure:3683: $? = 0
configure:3711: result: none required
configure:3767: checking for gcc
configure:3794: result: gcc
configure:4032: checking for C compiler version
configure:4039: gcc --version >&5
gcc (Ubuntu 4.9.1-16ubuntu6) 4.9.1
Copyright (C) 2014 Free Software Foundation, Inc.
This is free software; see the source for copying conditions.  There is NO
warranty; not even for MERCHANTABILITY or FITNESS FOR A PARTICULAR PURPOSE.

configure:4042: $? = 0
configure:4049: gcc -v >&5
Using built-in specs.
COLLECT_GCC=gcc
COLLECT_LTO_WRAPPER=/usr/lib/gcc/x86_64-linux-gnu/4.9/lto-wrapper
Target: x86_64-linux-gnu
Configured with: ../src/configure -v --with-pkgversion='Ubuntu 4.9.1-16ubuntu6' --with-bugurl=file:///usr/share/doc/gcc-4.9/README.Bugs --enable-languages=c,c++,java,go,d,fortran,objc,obj-c++ --prefix=/usr --program-suffix=-4.9 --enable-shared --enable-linker-build-id --libexecdir=/usr/lib --without-included-gettext --enable-threads=posix --with-gxx-include-dir=/usr/include/c++/4.9 --libdir=/usr/lib --enable-nls --with-sysroot=/ --enable-clocale=gnu --enable-libstdcxx-debug --enable-libstdcxx-time=yes --enable-gnu-unique-object --disable-vtable-verify --enable-plugin --with-system-zlib --disable-browser-plugin --enable-java-awt=gtk --enable-gtk-cairo --with-java-home=/usr/lib/jvm/java-1.5.0-gcj-4.9-amd64/jre --enable-java-home --with-jvm-root-dir=/usr/lib/jvm/java-1.5.0-gcj-4.9-amd64 --with-jvm-jar-dir=/usr/lib/jvm-exports/java-1.5.0-gcj-4.9-amd64 --with-arch-directory=amd64 --with-ecj-jar=/usr/share/java/eclipse-ecj.jar --enable-objc-gc --enable-multiarch --disable-werror --with-arch-32=i686 --with-abi=m64 --with-multilib-list=m32,m64,mx32 --enable-multilib --with-tune=generic --enable-checking=release --build=x86_64-linux-gnu --host=x86_64-linux-gnu --target=x86_64-linux-gnu
Thread model: posix
gcc version 4.9.1 (Ubuntu 4.9.1-16ubuntu6) 
configure:4052: $? = 0
configure:4059: gcc -V >&5
gcc: error: unrecognized command line option '-V'
gcc: fatal error: no input files
compilation terminated.
configure:4062: $? = 4
configure:4065: checking whether we are using the GNU C compiler
configure:4117: result: yes
configure:4122: checking whether gcc accepts -g
configure:4257: result: yes
configure:4274: checking for gcc option to accept ISO C89
configure:4377: result: none needed
configure:4397: checking dependency style of gcc
configure:4488: result: gcc3
configure:4582: checking build system type
configure:4600: result: x86_64-unknown-linux-gnu
configure:4622: checking host system type
configure:4637: result: x86_64-unknown-linux-gnu
configure:4659: checking for a sed that does not truncate output
configure:4715: result: /bin/sed
configure:4718: checking for grep that handles long lines and -e
configure:4792: result: /bin/grep
configure:4797: checking for egrep
configure:4875: result: /bin/grep -E
configure:4891: checking for ld used by gcc
configure:4958: result: /usr/bin/ld
configure:4967: checking if the linker (/usr/bin/ld) is GNU ld
configure:4982: result: yes
configure:4987: checking for /usr/bin/ld option to reload object files
configure:4994: result: -r
configure:5012: checking for BSD-compatible nm
configure:5061: result: /usr/bin/nm -B
configure:5065: checking whether ln -s works
configure:5069: result: yes
configure:5076: checking how to recognize dependent libraries
configure:5262: result: pass_all
configure:5350: gcc -c -g -O2  conftest.c >&5
configure:5353: $? = 0
configure:5502: checking how to run the C preprocessor
configure:5542: gcc -E  conftest.c
configure:5548: $? = 0
configure:5579: gcc -E  conftest.c
conftest.c:10:28: fatal error: ac_nonexistent.h: No such file or directory
 #include <ac_nonexistent.h>
                            ^
compilation terminated.
configure:5585: $? = 1
configure: failed program was:
| /* confdefs.h.  */
| #define PACKAGE_NAME "Glade"
| #define PACKAGE_TARNAME "glade"
| #define PACKAGE_VERSION "2.12.2"
| #define PACKAGE_STRING "Glade 2.12.2"
| #define PACKAGE_BUGREPORT "http://bugzilla.gnome.org/enter_bug.cgi?product=glade"
| #define PACKAGE "glade"
| #define VERSION "2.12.2"
| /* end confdefs.h.  */
| #include <ac_nonexistent.h>
configure:5618: result: gcc -E
configure:5647: gcc -E  conftest.c
configure:5653: $? = 0
configure:5684: gcc -E  conftest.c
conftest.c:10:28: fatal error: ac_nonexistent.h: No such file or directory
 #include <ac_nonexistent.h>
                            ^
compilation terminated.
configure:5690: $? = 1
configure: failed program was:
| /* confdefs.h.  */
| #define PACKAGE_NAME "Glade"
| #define PACKAGE_TARNAME "glade"
| #define PACKAGE_VERSION "2.12.2"
| #define PACKAGE_STRING "Glade 2.12.2"
| #define PACKAGE_BUGREPORT "http://bugzilla.gnome.org/enter_bug.cgi?product=glade"
| #define PACKAGE "glade"
| #define VERSION "2.12.2"
| /* end confdefs.h.  */
| #include <ac_nonexistent.h>
configure:5728: checking for ANSI C header files
configure:5758: gcc -c -g -O2  conftest.c >&5
configure:5764: $? = 0
configure:5863: gcc -o conftest -g -O2   conftest.c  >&5
configure:5866: $? = 0
configure:5872: ./conftest
configure:5875: $? = 0
configure:5892: result: yes
configure:5916: checking for sys/types.h
configure:5937: gcc -c -g -O2  conftest.c >&5
configure:5943: $? = 0
configure:5959: result: yes
configure:5916: checking for sys/stat.h
configure:5937: gcc -c -g -O2  conftest.c >&5
configure:5943: $? = 0
configure:5959: result: yes
configure:5916: checking for stdlib.h
configure:5937: gcc -c -g -O2  conftest.c >&5
configure:5943: $? = 0
configure:5959: result: yes
configure:5916: checking for string.h
configure:5937: gcc -c -g -O2  conftest.c >&5
configure:5943: $? = 0
configure:5959: result: yes
configure:5916: checking for memory.h
configure:5937: gcc -c -g -O2  conftest.c >&5
configure:5943: $? = 0
configure:5959: result: yes
configure:5916: checking for strings.h
configure:5937: gcc -c -g -O2  conftest.c >&5
configure:5943: $? = 0
configure:5959: result: yes
configure:5916: checking for inttypes.h
configure:5937: gcc -c -g -O2  conftest.c >&5
configure:5943: $? = 0
configure:5959: result: yes
configure:5916: checking for stdint.h
configure:5937: gcc -c -g -O2  conftest.c >&5
configure:5943: $? = 0
configure:5959: result: yes
configure:5916: checking for unistd.h
configure:5937: gcc -c -g -O2  conftest.c >&5
configure:5943: $? = 0
configure:5959: result: yes
configure:5986: checking dlfcn.h usability
configure:6003: gcc -c -g -O2  conftest.c >&5
configure:6009: $? = 0
configure:6023: result: yes
configure:6027: checking dlfcn.h presence
configure:6042: gcc -E  conftest.c
configure:6048: $? = 0
configure:6062: result: yes
configure:6095: checking for dlfcn.h
configure:6103: result: yes
configure:6174: checking for g++
configure:6190: found /usr/bin/g++
configure:6201: result: g++
configure:6232: checking for C++ compiler version
configure:6239: g++ --version >&5
g++ (Ubuntu 4.9.1-16ubuntu6) 4.9.1
Copyright (C) 2014 Free Software Foundation, Inc.
This is free software; see the source for copying conditions.  There is NO
warranty; not even for MERCHANTABILITY or FITNESS FOR A PARTICULAR PURPOSE.

configure:6242: $? = 0
configure:6249: g++ -v >&5
Using built-in specs.
COLLECT_GCC=g++
COLLECT_LTO_WRAPPER=/usr/lib/gcc/x86_64-linux-gnu/4.9/lto-wrapper
Target: x86_64-linux-gnu
Configured with: ../src/configure -v --with-pkgversion='Ubuntu 4.9.1-16ubuntu6' --with-bugurl=file:///usr/share/doc/gcc-4.9/README.Bugs --enable-languages=c,c++,java,go,d,fortran,objc,obj-c++ --prefix=/usr --program-suffix=-4.9 --enable-shared --enable-linker-build-id --libexecdir=/usr/lib --without-included-gettext --enable-threads=posix --with-gxx-include-dir=/usr/include/c++/4.9 --libdir=/usr/lib --enable-nls --with-sysroot=/ --enable-clocale=gnu --enable-libstdcxx-debug --enable-libstdcxx-time=yes --enable-gnu-unique-object --disable-vtable-verify --enable-plugin --with-system-zlib --disable-browser-plugin --enable-java-awt=gtk --enable-gtk-cairo --with-java-home=/usr/lib/jvm/java-1.5.0-gcj-4.9-amd64/jre --enable-java-home --with-jvm-root-dir=/usr/lib/jvm/java-1.5.0-gcj-4.9-amd64 --with-jvm-jar-dir=/usr/lib/jvm-exports/java-1.5.0-gcj-4.9-amd64 --with-arch-directory=amd64 --with-ecj-jar=/usr/share/java/eclipse-ecj.jar --enable-objc-gc --enable-multiarch --disable-werror --with-arch-32=i686 --with-abi=m64 --with-multilib-list=m32,m64,mx32 --enable-multilib --with-tune=generic --enable-checking=release --build=x86_64-linux-gnu --host=x86_64-linux-gnu --target=x86_64-linux-gnu
Thread model: posix
gcc version 4.9.1 (Ubuntu 4.9.1-16ubuntu6) 
configure:6252: $? = 0
configure:6259: g++ -V >&5
g++: error: unrecognized command line option '-V'
g++: fatal error: no input files
compilation terminated.
configure:6262: $? = 4
configure:6265: checking whether we are using the GNU C++ compiler
configure:6294: g++ -c   conftest.cpp >&5
configure:6300: $? = 0
configure:6317: result: yes
configure:6322: checking whether g++ accepts -g
configure:6352: g++ -c -g  conftest.cpp >&5
configure:6358: $? = 0
configure:6457: result: yes
configure:6482: checking dependency style of g++
configure:6573: result: gcc3
configure:6598: checking how to run the C++ preprocessor
configure:6634: g++ -E  conftest.cpp
configure:6640: $? = 0
configure:6671: g++ -E  conftest.cpp
conftest.cpp:21:28: fatal error: ac_nonexistent.h: No such file or directory
 #include <ac_nonexistent.h>
                            ^
compilation terminated.
configure:6677: $? = 1
configure: failed program was:
| /* confdefs.h.  */
| #define PACKAGE_NAME "Glade"
| #define PACKAGE_TARNAME "glade"
| #define PACKAGE_VERSION "2.12.2"
| #define PACKAGE_STRING "Glade 2.12.2"
| #define PACKAGE_BUGREPORT "http://bugzilla.gnome.org/enter_bug.cgi?product=glade"
| #define PACKAGE "glade"
| #define VERSION "2.12.2"
| #define STDC_HEADERS 1
| #define HAVE_SYS_TYPES_H 1
| #define HAVE_SYS_STAT_H 1
| #define HAVE_STDLIB_H 1
| #define HAVE_STRING_H 1
| #define HAVE_MEMORY_H 1
| #define HAVE_STRINGS_H 1
| #define HAVE_INTTYPES_H 1
| #define HAVE_STDINT_H 1
| #define HAVE_UNISTD_H 1
| #define HAVE_DLFCN_H 1
| /* end confdefs.h.  */
| #include <ac_nonexistent.h>
configure:6710: result: g++ -E
configure:6739: g++ -E  conftest.cpp
configure:6745: $? = 0
configure:6776: g++ -E  conftest.cpp
conftest.cpp:21:28: fatal error: ac_nonexistent.h: No such file or directory
 #include <ac_nonexistent.h>
                            ^
compilation terminated.
configure:6782: $? = 1
configure: failed program was:
| /* confdefs.h.  */
| #define PACKAGE_NAME "Glade"
| #define PACKAGE_TARNAME "glade"
| #define PACKAGE_VERSION "2.12.2"
| #define PACKAGE_STRING "Glade 2.12.2"
| #define PACKAGE_BUGREPORT "http://bugzilla.gnome.org/enter_bug.cgi?product=glade"
| #define PACKAGE "glade"
| #define VERSION "2.12.2"
| #define STDC_HEADERS 1
| #define HAVE_SYS_TYPES_H 1
| #define HAVE_SYS_STAT_H 1
| #define HAVE_STDLIB_H 1
| #define HAVE_STRING_H 1
| #define HAVE_MEMORY_H 1
| #define HAVE_STRINGS_H 1
| #define HAVE_INTTYPES_H 1
| #define HAVE_STDINT_H 1
| #define HAVE_UNISTD_H 1
| #define HAVE_DLFCN_H 1
| /* end confdefs.h.  */
| #include <ac_nonexistent.h>
configure:6875: checking for g77
configure:6905: result: no
configure:6875: checking for xlf
configure:6905: result: no
configure:6875: checking for f77
configure:6905: result: no
configure:6875: checking for frt
configure:6905: result: no
configure:6875: checking for pgf77
configure:6905: result: no
configure:6875: checking for cf77
configure:6905: result: no
configure:6875: checking for fort77
configure:6905: result: no
configure:6875: checking for fl32
configure:6905: result: no
configure:6875: checking for af77
configure:6905: result: no
configure:6875: checking for xlf90
configure:6905: result: no
configure:6875: checking for f90
configure:6905: result: no
configure:6875: checking for pgf90
configure:6905: result: no
configure:6875: checking for pghpf
configure:6905: result: no
configure:6875: checking for epcf90
configure:6905: result: no
configure:6875: checking for gfortran
configure:6905: result: no
configure:6875: checking for g95
configure:6905: result: no
configure:6875: checking for xlf95
configure:6905: result: no
configure:6875: checking for f95
configure:6905: result: no
configure:6875: checking for fort
configure:6905: result: no
configure:6875: checking for ifort
configure:6905: result: no
configure:6875: checking for ifc
configure:6905: result: no
configure:6875: checking for efc
configure:6905: result: no
configure:6875: checking for pgf95
configure:6905: result: no
configure:6875: checking for lf95
configure:6905: result: no
configure:6875: checking for ftn
configure:6905: result: no
configure:6932: checking for Fortran 77 compiler version
configure:6939:  --version >&5
./configure: line 6940: --version: command not found
configure:6942: $? = 127
configure:6949:  -v >&5
./configure: line 6950: -v: command not found
configure:6952: $? = 127
configure:6959:  -V >&5
./configure: line 6960: -V: command not found
configure:6962: $? = 127
configure:6970: checking whether we are using the GNU Fortran 77 compiler
configure:6989:  -c  conftest.F >&5
./configure: line 6990: -c: command not found
configure:6995: $? = 127
configure: failed program was:
|       program main
| #ifndef __GNUC__
|        choke me
| #endif
| 
|       end
configure:7012: result: no
configure:7018: checking whether  accepts -g
configure:7035:  -c -g conftest.f >&5
./configure: line 7036: -c: command not found
configure:7041: $? = 127
configure: failed program was:
|       program main
| 
|       end
configure:7057: result: no
configure:7087: checking the maximum length of command line arguments
configure:7199: result: 1572864
configure:7211: checking command to parse /usr/bin/nm -B output from gcc object
configure:7316: gcc -c -g -O2  conftest.c >&5
configure:7319: $? = 0
configure:7323: /usr/bin/nm -B conftest.o \| sed -n -e 's/^.*[ 	]\([ABCDGIRSTW][ABCDGIRSTW]*\)[ 	][ 	]*\([_A-Za-z][_A-Za-z0-9]*\)$/\1 \2 \2/p' \> conftest.nm
configure:7326: $? = 0
configure:7378: gcc -o conftest -g -O2   conftest.c conftstm.o >&5
configure:7381: $? = 0
configure:7419: result: ok
configure:7423: checking for objdir
configure:7438: result: .libs
configure:7530: checking for ar
configure:7546: found /usr/bin/ar
configure:7557: result: ar
configure:7626: checking for ranlib
configure:7642: found /usr/bin/ranlib
configure:7653: result: ranlib
configure:7722: checking for strip
configure:7738: found /usr/bin/strip
configure:7749: result: strip
configure:8035: checking if gcc supports -fno-rtti -fno-exceptions
configure:8053: gcc -c -g -O2  -fno-rtti -fno-exceptions conftest.c >&5
cc1: warning: command line option '-fno-rtti' is valid for C++/ObjC++ but not for C
configure:8057: $? = 0
configure:8070: result: no
configure:8085: checking for gcc option to produce PIC
configure:8317: result: -fPIC
configure:8325: checking if gcc PIC flag -fPIC works
configure:8343: gcc -c -g -O2  -fPIC -DPIC conftest.c >&5
configure:8347: $? = 0
configure:8360: result: yes
configure:8388: checking if gcc static flag -static works
configure:8416: result: yes
configure:8426: checking if gcc supports -c -o file.o
configure:8447: gcc -c -g -O2  -o out/conftest2.o conftest.c >&5
configure:8451: $? = 0
configure:8473: result: yes
configure:8499: checking whether the gcc linker (/usr/bin/ld -m elf_x86_64) supports shared libraries
configure:9480: result: yes
configure:9501: checking whether -lc should be explicitly linked in
configure:9506: gcc -c -g -O2  conftest.c >&5
configure:9509: $? = 0
configure:9524: gcc -shared conftest.o  -v -Wl,-soname -Wl,conftest -o conftest 2\>\&1 \| grep  -lc  \>/dev/null 2\>\&1
configure:9527: $? = 0
configure:9539: result: no
configure:9547: checking dynamic linker characteristics
configure:10161: result: GNU/Linux ld.so
configure:10170: checking how to hardcode library paths into programs
configure:10195: result: immediate
configure:10209: checking whether stripping libraries is possible
configure:10214: result: yes
configure:11016: checking if libtool supports shared libraries
configure:11018: result: yes
configure:11021: checking whether to build shared libraries
configure:11042: result: yes
configure:11045: checking whether to build static libraries
configure:11049: result: yes
configure:11142: creating libtool
configure:11730: checking for ld used by g++
configure:11797: result: /usr/bin/ld -m elf_x86_64
configure:11806: checking if the linker (/usr/bin/ld -m elf_x86_64) is GNU ld
configure:11821: result: yes
configure:11872: checking whether the g++ linker (/usr/bin/ld -m elf_x86_64) supports shared libraries
configure:12846: result: yes
configure:12864: g++ -c -g -O2  conftest.cpp >&5
configure:12867: $? = 0
configure:13019: checking for g++ option to produce PIC
configure:13303: result: -fPIC
configure:13311: checking if g++ PIC flag -fPIC works
configure:13329: g++ -c -g -O2  -fPIC -DPIC conftest.cpp >&5
configure:13333: $? = 0
configure:13346: result: yes
configure:13374: checking if g++ static flag -static works
configure:13402: result: yes
configure:13412: checking if g++ supports -c -o file.o
configure:13433: g++ -c -g -O2  -o out/conftest2.o conftest.cpp >&5
configure:13437: $? = 0
configure:13459: result: yes
configure:13485: checking whether the g++ linker (/usr/bin/ld -m elf_x86_64) supports shared libraries
configure:13513: result: yes
configure:13580: checking dynamic linker characteristics
configure:14142: result: GNU/Linux ld.so
configure:14151: checking how to hardcode library paths into programs
configure:14176: result: immediate
configure:20374: checking whether gcc and cc understand -c and -o together
configure:20409: gcc -c conftest.c -o conftest2.o >&5
configure:20412: $? = 0
configure:20418: gcc -c conftest.c -o conftest2.o >&5
configure:20421: $? = 0
configure:20432: cc -c conftest.c >&5
configure:20435: $? = 0
configure:20443: cc -c conftest.c -o conftest2.o >&5
configure:20446: $? = 0
configure:20452: cc -c conftest.c -o conftest2.o >&5
configure:20455: $? = 0
configure:20473: result: yes
configure:20513: checking for a BSD-compatible install
configure:20569: result: /usr/bin/install -c
configure:20580: checking whether make sets $(MAKE)
configure:20601: result: yes
configure:20626: checking os2.h usability
configure:20643: gcc -c -g -O2  conftest.c >&5
conftest.c:54:17: fatal error: os2.h: No such file or directory
 #include <os2.h>
                 ^
compilation terminated.
configure:20649: $? = 1
configure: failed program was:
| /* confdefs.h.  */
| #define PACKAGE_NAME "Glade"
| #define PACKAGE_TARNAME "glade"
| #define PACKAGE_VERSION "2.12.2"
| #define PACKAGE_STRING "Glade 2.12.2"
| #define PACKAGE_BUGREPORT "http://bugzilla.gnome.org/enter_bug.cgi?product=glade"
| #define PACKAGE "glade"
| #define VERSION "2.12.2"
| #define STDC_HEADERS 1
| #define HAVE_SYS_TYPES_H 1
| #define HAVE_SYS_STAT_H 1
| #define HAVE_STDLIB_H 1
| #define HAVE_STRING_H 1
| #define HAVE_MEMORY_H 1
| #define HAVE_STRINGS_H 1
| #define HAVE_INTTYPES_H 1
| #define HAVE_STDINT_H 1
| #define HAVE_UNISTD_H 1
| #define HAVE_DLFCN_H 1
| /* end confdefs.h.  */
| #include <stdio.h>
| #ifdef HAVE_SYS_TYPES_H
| # include <sys/types.h>
| #endif
| #ifdef HAVE_SYS_STAT_H
| # include <sys/stat.h>
| #endif
| #ifdef STDC_HEADERS
| # include <stdlib.h>
| # include <stddef.h>
| #else
| # ifdef HAVE_STDLIB_H
| #  include <stdlib.h>
| # endif
| #endif
| #ifdef HAVE_STRING_H
| # if !defined STDC_HEADERS && defined HAVE_MEMORY_H
| #  include <memory.h>
| # endif
| # include <string.h>
| #endif
| #ifdef HAVE_STRINGS_H
| # include <strings.h>
| #endif
| #ifdef HAVE_INTTYPES_H
| # include <inttypes.h>
| #endif
| #ifdef HAVE_STDINT_H
| # include <stdint.h>
| #endif
| #ifdef HAVE_UNISTD_H
| # include <unistd.h>
| #endif
| #include <os2.h>
configure:20663: result: no
configure:20667: checking os2.h presence
configure:20682: gcc -E  conftest.c
conftest.c:21:17: fatal error: os2.h: No such file or directory
 #include <os2.h>
                 ^
compilation terminated.
configure:20688: $? = 1
configure: failed program was:
| /* confdefs.h.  */
| #define PACKAGE_NAME "Glade"
| #define PACKAGE_TARNAME "glade"
| #define PACKAGE_VERSION "2.12.2"
| #define PACKAGE_STRING "Glade 2.12.2"
| #define PACKAGE_BUGREPORT "http://bugzilla.gnome.org/enter_bug.cgi?product=glade"
| #define PACKAGE "glade"
| #define VERSION "2.12.2"
| #define STDC_HEADERS 1
| #define HAVE_SYS_TYPES_H 1
| #define HAVE_SYS_STAT_H 1
| #define HAVE_STDLIB_H 1
| #define HAVE_STRING_H 1
| #define HAVE_MEMORY_H 1
| #define HAVE_STRINGS_H 1
| #define HAVE_INTTYPES_H 1
| #define HAVE_STDINT_H 1
| #define HAVE_UNISTD_H 1
| #define HAVE_DLFCN_H 1
| /* end confdefs.h.  */
| #include <os2.h>
configure:20702: result: no
configure:20735: checking for os2.h
configure:20743: result: no
configure:20757: checking for X
configure:20872: gcc -E  conftest.c
configure:20878: $? = 0
configure:20927: gcc -o conftest -g -O2   conftest.c -lX11  >&5
configure:20933: $? = 0
configure:20992: result: libraries , headers 
configure:21153: gcc -o conftest -g -O2   conftest.c   -lX11 >&5
configure:21159: $? = 0
configure:21316: checking for gethostbyname
configure:21372: gcc -o conftest -g -O2   conftest.c  >&5
configure:21378: $? = 0
configure:21395: result: yes
configure:21540: checking for connect
configure:21596: gcc -o conftest -g -O2   conftest.c  >&5
configure:21602: $? = 0
configure:21619: result: yes
configure:21691: checking for remove
configure:21747: gcc -o conftest -g -O2   conftest.c  >&5
configure:21753: $? = 0
configure:21770: result: yes
configure:21842: checking for shmat
configure:21898: gcc -o conftest -g -O2   conftest.c  >&5
configure:21904: $? = 0
configure:21921: result: yes
configure:22002: checking for IceConnectionNumber in -lICE
configure:22037: gcc -o conftest -g -O2   conftest.c -lICE   >&5
configure:22043: $? = 0
configure:22061: result: yes
configure:22125: checking for pkg-config
configure:22143: found /usr/bin/pkg-config
configure:22155: result: /usr/bin/pkg-config
configure:22184: checking pkg-config is at least version 0.9.0
configure:22187: result: yes
configure:22198: checking for GLADE_GTK
configure:22206: $PKG_CONFIG --exists --print-errors "$gtk_modules"
configure:22209: $? = 0
configure:22224: $PKG_CONFIG --exists --print-errors "$gtk_modules"
configure:22227: $? = 0
configure:22303: result: yes
configure:22325: checking for GLADE_GNOME
configure:22333: $PKG_CONFIG --exists --print-errors "$gnome_modules"
Package libgnomeui-2.0 was not found in the pkg-config search path.
Perhaps you should add the directory containing `libgnomeui-2.0.pc'
to the PKG_CONFIG_PATH environment variable
No package 'libgnomeui-2.0' found
Package libgnomecanvas-2.0 was not found in the pkg-config search path.
Perhaps you should add the directory containing `libgnomecanvas-2.0.pc'
to the PKG_CONFIG_PATH environment variable
No package 'libgnomecanvas-2.0' found
Package libbonoboui-2.0 was not found in the pkg-config search path.
Perhaps you should add the directory containing `libbonoboui-2.0.pc'
to the PKG_CONFIG_PATH environment variable
No package 'libbonoboui-2.0' found
configure:22336: $? = 1
configure:22351: $PKG_CONFIG --exists --print-errors "$gnome_modules"
Package libgnomeui-2.0 was not found in the pkg-config search path.
Perhaps you should add the directory containing `libgnomeui-2.0.pc'
to the PKG_CONFIG_PATH environment variable
No package 'libgnomeui-2.0' found
Package libgnomecanvas-2.0 was not found in the pkg-config search path.
Perhaps you should add the directory containing `libgnomecanvas-2.0.pc'
to the PKG_CONFIG_PATH environment variable
No package 'libgnomecanvas-2.0' found
Package libbonoboui-2.0 was not found in the pkg-config search path.
Perhaps you should add the directory containing `libbonoboui-2.0.pc'
to the PKG_CONFIG_PATH environment variable
No package 'libbonoboui-2.0' found
configure:22354: $? = 1
No package 'libgnomeui-2.0' found
No package 'libgnomecanvas-2.0' found
No package 'libbonoboui-2.0' found
configure:22382: result: no
configure:22420: WARNING: GNOME support is disabled; GNOME DB support will not be built.
configure:22513: checking for GLADE
configure:22521: $PKG_CONFIG --exists --print-errors "$glade_modules"
configure:22524: $? = 0
configure:22539: $PKG_CONFIG --exists --print-errors "$glade_modules"
configure:22542: $? = 0
configure:22618: result: yes
configure:22658: checking locale.h usability
configure:22675: gcc -c -g -O2  conftest.c >&5
configure:22681: $? = 0
configure:22695: result: yes
configure:22699: checking locale.h presence
configure:22714: gcc -E  conftest.c
configure:22720: $? = 0
configure:22734: result: yes
configure:22767: checking for locale.h
configure:22775: result: yes
configure:22789: checking for LC_MESSAGES
configure:22815: gcc -o conftest -g -O2   conftest.c  >&5
configure:22821: $? = 0
configure:22838: result: yes
configure:22867: checking libintl.h usability
configure:22884: gcc -c -g -O2  conftest.c >&5
configure:22890: $? = 0
configure:22904: result: yes
configure:22908: checking libintl.h presence
configure:22923: gcc -E  conftest.c
configure:22929: $? = 0
configure:22943: result: yes
configure:22976: checking for libintl.h
configure:22983: result: yes
configure:22994: checking for ngettext in libc
configure:23022: gcc -o conftest -g -O2   conftest.c  >&5
configure:23028: $? = 0
configure:23046: result: yes
configure:23050: checking for dgettext in libc
configure:23078: gcc -o conftest -g -O2   conftest.c  >&5
configure:23084: $? = 0
configure:23102: result: yes
configure:23111: checking for bind_textdomain_codeset
configure:23167: gcc -o conftest -g -O2   conftest.c  >&5
configure:23173: $? = 0
configure:23191: result: yes
configure:23678: checking for msgfmt
configure:23705: result: /usr/bin/msgfmt
configure:23718: checking for dcgettext
configure:23774: gcc -o conftest -g -O2   conftest.c   >&5
conftest.c:49:6: warning: conflicting types for built-in function 'dcgettext'
 char dcgettext ();
      ^
configure:23780: $? = 0
configure:23798: result: yes
configure:23809: checking if msgfmt accepts -c
configure:23824: $MSGFMT -c -o /dev/null conftest.foo
conftest.foo:3: warning: header field 'Language' missing in header
configure:23827: $? = 0
configure:23829: result: yes
configure:23839: checking for gmsgfmt
configure:23870: result: /usr/bin/msgfmt
configure:23880: checking for xgettext
configure:23907: result: /usr/bin/xgettext
configure:23936: gcc -o conftest -g -O2   conftest.c   >&5
configure:23942: $? = 0
configure:24180: checking for intltool >= 0.35.0
configure:24187: result: 0.36.1 found
configure:24245: checking for perl
configure:24263: found /usr/bin/perl
configure:24275: result: /usr/bin/perl
configure:24294: checking for XML::Parser
configure:24297: result: ok
configure:24463: checking for scrollkeeper-config
configure:24481: found /usr/bin/scrollkeeper-config
configure:24494: result: /usr/bin/scrollkeeper-config
configure:24665: creating ./config.status

## ---------------------- ##
## Running config.status. ##
## ---------------------- ##

This file was extended by Glade config.status 2.12.2, which was
generated by GNU Autoconf 2.61.  Invocation command line was

  CONFIG_FILES    = 
  CONFIG_HEADERS  = 
  CONFIG_LINKS    = 
  CONFIG_COMMANDS = 
  $ ./config.status 

on anouar-Satellite-L500

config.status:749: creating glade.spec
config.status:749: creating Makefile
config.status:749: creating glade/Makefile
config.status:749: creating glade/gbwidgets/Makefile
config.status:749: creating glade/gnome/Makefile
config.status:749: creating glade/gnome-db/Makefile
config.status:749: creating glade/data/Makefile
config.status:749: creating glade/data/gtk/Makefile
config.status:749: creating doc/Makefile
config.status:749: creating doc/C/Makefile
config.status:749: creating doc/C/glade-faq/Makefile
config.status:749: creating doc/C/glade-user-guide/Makefile
config.status:749: creating doc/ro/Makefile
config.status:749: creating doc/ro/glade-faq/Makefile
config.status:749: creating omf-install/Makefile
config.status:749: creating po/Makefile.in
config.status:749: creating config.h
config.status:1029: executing depfiles commands
config.status:1029: executing default-1 commands
config.status:1029: executing intltool commands
config.status:1029: executing po/stamp-it commands

## ---------------- ##
## Cache variables. ##
## ---------------- ##

ac_cv_build=x86_64-unknown-linux-gnu
ac_cv_c_compiler_gnu=yes
ac_cv_cxx_compiler_gnu=yes
ac_cv_env_CCC_set=
ac_cv_env_CCC_value=
ac_cv_env_CC_set=
ac_cv_env_CC_value=
ac_cv_env_CFLAGS_set=
ac_cv_env_CFLAGS_value=
ac_cv_env_CPPFLAGS_set=
ac_cv_env_CPPFLAGS_value=
ac_cv_env_CPP_set=
ac_cv_env_CPP_value=
ac_cv_env_CXXCPP_set=
ac_cv_env_CXXCPP_value=
ac_cv_env_CXXFLAGS_set=
ac_cv_env_CXXFLAGS_value=
ac_cv_env_CXX_set=
ac_cv_env_CXX_value=
ac_cv_env_F77_set=
ac_cv_env_F77_value=
ac_cv_env_FFLAGS_set=
ac_cv_env_FFLAGS_value=
ac_cv_env_GLADE_CFLAGS_set=
ac_cv_env_GLADE_CFLAGS_value=
ac_cv_env_GLADE_GNOMEDB_CFLAGS_set=
ac_cv_env_GLADE_GNOMEDB_CFLAGS_value=
ac_cv_env_GLADE_GNOMEDB_LIBS_set=
ac_cv_env_GLADE_GNOMEDB_LIBS_value=
ac_cv_env_GLADE_GNOME_CFLAGS_set=
ac_cv_env_GLADE_GNOME_CFLAGS_value=
ac_cv_env_GLADE_GNOME_LIBS_set=
ac_cv_env_GLADE_GNOME_LIBS_value=
ac_cv_env_GLADE_GTK_CFLAGS_set=
ac_cv_env_GLADE_GTK_CFLAGS_value=
ac_cv_env_GLADE_GTK_LIBS_set=
ac_cv_env_GLADE_GTK_LIBS_value=
ac_cv_env_GLADE_LIBS_set=
ac_cv_env_GLADE_LIBS_value=
ac_cv_env_LDFLAGS_set=
ac_cv_env_LDFLAGS_value=
ac_cv_env_LIBS_set=
ac_cv_env_LIBS_value=
ac_cv_env_PKG_CONFIG_set=
ac_cv_env_PKG_CONFIG_value=
ac_cv_env_XMKMF_set=
ac_cv_env_XMKMF_value=
ac_cv_env_build_alias_set=
ac_cv_env_build_alias_value=
ac_cv_env_host_alias_set=
ac_cv_env_host_alias_value=
ac_cv_env_target_alias_set=
ac_cv_env_target_alias_value=
ac_cv_f77_compiler_gnu=no
ac_cv_func_bind_textdomain_codeset=yes
ac_cv_func_connect=yes
ac_cv_func_dcgettext=yes
ac_cv_func_gethostbyname=yes
ac_cv_func_remove=yes
ac_cv_func_shmat=yes
ac_cv_have_x='have_x=yes	ac_x_includes='\'''\''	ac_x_libraries='\'''\'''
ac_cv_header_dlfcn_h=yes
ac_cv_header_inttypes_h=yes
ac_cv_header_libintl_h=yes
ac_cv_header_locale_h=yes
ac_cv_header_memory_h=yes
ac_cv_header_os2_h=no
ac_cv_header_stdc=yes
ac_cv_header_stdint_h=yes
ac_cv_header_stdlib_h=yes
ac_cv_header_string_h=yes
ac_cv_header_strings_h=yes
ac_cv_header_sys_stat_h=yes
ac_cv_header_sys_types_h=yes
ac_cv_header_unistd_h=yes
ac_cv_host=x86_64-unknown-linux-gnu
ac_cv_lib_ICE_IceConnectionNumber=yes
ac_cv_objext=o
ac_cv_path_EGREP='/bin/grep -E'
ac_cv_path_GMSGFMT=/usr/bin/msgfmt
ac_cv_path_GREP=/bin/grep
ac_cv_path_INTLTOOL_PERL=/usr/bin/perl
ac_cv_path_MSGFMT=/usr/bin/msgfmt
ac_cv_path_SCROLLKEEPER_CONFIG=/usr/bin/scrollkeeper-config
ac_cv_path_XGETTEXT=/usr/bin/xgettext
ac_cv_path_ac_pt_PKG_CONFIG=/usr/bin/pkg-config
ac_cv_path_install='/usr/bin/install -c'
ac_cv_path_mkdir=/bin/mkdir
ac_cv_prog_AWK=gawk
ac_cv_prog_CPP='gcc -E'
ac_cv_prog_CXXCPP='g++ -E'
ac_cv_prog_ac_ct_AR=ar
ac_cv_prog_ac_ct_CC=gcc
ac_cv_prog_ac_ct_CXX=g++
ac_cv_prog_ac_ct_RANLIB=ranlib
ac_cv_prog_ac_ct_STRIP=strip
ac_cv_prog_cc_c89=
ac_cv_prog_cc_g=yes
ac_cv_prog_cc_gcc_c_o=yes
ac_cv_prog_cxx_g=yes
ac_cv_prog_f77_g=no
ac_cv_prog_make_make_set=yes
ac_cv_search_strerror='none required'
am_cv_CC_dependencies_compiler_type=gcc3
am_cv_CXX_dependencies_compiler_type=gcc3
am_cv_val_LC_MESSAGES=yes
gt_cv_func_dgettext_libc=yes
gt_cv_func_dgettext_libintl=no
gt_cv_func_ngettext_libc=yes
gt_cv_have_gettext=yes
lt_cv_deplibs_check_method=pass_all
lt_cv_file_magic_cmd='$MAGIC_CMD'
lt_cv_file_magic_test_file=
lt_cv_ld_reload_flag=-r
lt_cv_objdir=.libs
lt_cv_path_LD=/usr/bin/ld
lt_cv_path_LDCXX='/usr/bin/ld -m elf_x86_64'
lt_cv_path_NM='/usr/bin/nm -B'
lt_cv_path_SED=/bin/sed
lt_cv_prog_compiler_c_o=yes
lt_cv_prog_compiler_c_o_CXX=yes
lt_cv_prog_compiler_rtti_exceptions=no
lt_cv_prog_gnu_ld=yes
lt_cv_prog_gnu_ldcxx=yes
lt_cv_sys_global_symbol_pipe='sed -n -e '\''s/^.*[ 	]\([ABCDGIRSTW][ABCDGIRSTW]*\)[ 	][ 	]*\([_A-Za-z][_A-Za-z0-9]*\)$/\1 \2 \2/p'\'''
lt_cv_sys_global_symbol_to_c_name_address='sed -n -e '\''s/^: \([^ ]*\) $/  {\"\1\", (lt_ptr) 0},/p'\'' -e '\''s/^[BCDEGRST] \([^ ]*\) \([^ ]*\)$/  {"\2", (lt_ptr) \&\2},/p'\'''
lt_cv_sys_global_symbol_to_cdecl='sed -n -e '\''s/^. .* \(.*\)$/extern int \1;/p'\'''
lt_cv_sys_max_cmd_len=1572864
lt_lt_cv_prog_compiler_c_o='"yes"'
lt_lt_cv_prog_compiler_c_o_CXX='"yes"'
lt_lt_cv_sys_global_symbol_pipe='"sed -n -e '\''s/^.*[ 	]\\([ABCDGIRSTW][ABCDGIRSTW]*\\)[ 	][ 	]*\\([_A-Za-z][_A-Za-z0-9]*\\)\$/\\1 \\2 \\2/p'\''"'
lt_lt_cv_sys_global_symbol_to_c_name_address='"sed -n -e '\''s/^: \\([^ ]*\\) \$/  {\\\"\\1\\\", (lt_ptr) 0},/p'\'' -e '\''s/^[BCDEGRST] \\([^ ]*\\) \\([^ ]*\\)\$/  {\"\\2\", (lt_ptr) \\&\\2},/p'\''"'
lt_lt_cv_sys_global_symbol_to_cdecl='"sed -n -e '\''s/^. .* \\(.*\\)\$/extern int \\1;/p'\''"'
pkg_cv_GLADE_CFLAGS='-pthread -I/usr/include/libxml2 -I/usr/include/gtk-2.0 -I/usr/lib/x86_64-linux-gnu/gtk-2.0/include -I/usr/include/gio-unix-2.0/ -I/usr/include/cairo -I/usr/include/pango-1.0 -I/usr/include/atk-1.0 -I/usr/include/cairo -I/usr/include/pixman-1 -I/usr/include/libpng12 -I/usr/include/gdk-pixbuf-2.0 -I/usr/include/libpng12 -I/usr/include/pango-1.0 -I/usr/include/harfbuzz -I/usr/include/pango-1.0 -I/usr/include/glib-2.0 -I/usr/lib/x86_64-linux-gnu/glib-2.0/include -I/usr/include/freetype2 '
pkg_cv_GLADE_GTK_CFLAGS='-pthread -I/usr/include/libxml2 -I/usr/include/gtk-2.0 -I/usr/lib/x86_64-linux-gnu/gtk-2.0/include -I/usr/include/gio-unix-2.0/ -I/usr/include/cairo -I/usr/include/pango-1.0 -I/usr/include/atk-1.0 -I/usr/include/cairo -I/usr/include/pixman-1 -I/usr/include/libpng12 -I/usr/include/gdk-pixbuf-2.0 -I/usr/include/libpng12 -I/usr/include/pango-1.0 -I/usr/include/harfbuzz -I/usr/include/pango-1.0 -I/usr/include/glib-2.0 -I/usr/lib/x86_64-linux-gnu/glib-2.0/include -I/usr/include/freetype2 '
pkg_cv_GLADE_GTK_LIBS='-lxml2 -lgtk-x11-2.0 -lgdk-x11-2.0 -lpangocairo-1.0 -latk-1.0 -lcairo -lgdk_pixbuf-2.0 -lgio-2.0 -lpangoft2-1.0 -lpango-1.0 -lgobject-2.0 -lglib-2.0 -lfontconfig -lfreetype '
pkg_cv_GLADE_LIBS='-lxml2 -lgtk-x11-2.0 -lgdk-x11-2.0 -lpangocairo-1.0 -latk-1.0 -lcairo -lgdk_pixbuf-2.0 -lgio-2.0 -lpangoft2-1.0 -lpango-1.0 -lgobject-2.0 -lglib-2.0 -lfontconfig -lfreetype '

## ----------------- ##
## Output variables. ##
## ----------------- ##

ACLOCAL='${SHELL} /home/anouar/PatchGlade/glade-2.12.2/missing --run aclocal-1.10'
ALL_LINGUAS=''
AMDEPBACKSLASH='\'
AMDEP_FALSE='#'
AMDEP_TRUE=''
AMTAR='${SHELL} /home/anouar/PatchGlade/glade-2.12.2/missing --run tar'
AR='ar'
AUTOCONF='${SHELL} /home/anouar/PatchGlade/glade-2.12.2/missing --run autoconf'
AUTOHEADER='${SHELL} /home/anouar/PatchGlade/glade-2.12.2/missing --run autoheader'
AUTOMAKE='${SHELL} /home/anouar/PatchGlade/glade-2.12.2/missing --run automake-1.10'
AWK='gawk'
CATALOGS=''
CATOBJEXT='.gmo'
CC='gcc'
CCDEPMODE='depmode=gcc3'
CFLAGS='-g -O2'
CPP='gcc -E'
CPPFLAGS=''
CXX='g++'
CXXCPP='g++ -E'
CXXDEPMODE='depmode=gcc3'
CXXFLAGS='-g -O2'
CYGPATH_W='echo'
DATADIRNAME='share'
DEFS='-DHAVE_CONFIG_H'
DEPDIR='.deps'
ECHO='echo'
ECHO_C=''
ECHO_N='-n'
ECHO_T=''
EGREP='/bin/grep -E'
EXEEXT=''
F77=''
FFLAGS=''
GETTEXT_PACKAGE='glade-2.0'
GLADE_CFLAGS='-pthread -I/usr/include/libxml2 -I/usr/include/gtk-2.0 -I/usr/lib/x86_64-linux-gnu/gtk-2.0/include -I/usr/include/gio-unix-2.0/ -I/usr/include/cairo -I/usr/include/pango-1.0 -I/usr/include/atk-1.0 -I/usr/include/cairo -I/usr/include/pixman-1 -I/usr/include/libpng12 -I/usr/include/gdk-pixbuf-2.0 -I/usr/include/libpng12 -I/usr/include/pango-1.0 -I/usr/include/harfbuzz -I/usr/include/pango-1.0 -I/usr/include/glib-2.0 -I/usr/lib/x86_64-linux-gnu/glib-2.0/include -I/usr/include/freetype2  '
GLADE_DEPRECATION_CFLAGS=''
GLADE_GNOMEDB_CFLAGS=''
GLADE_GNOMEDB_LIBS=''
GLADE_GNOME_CFLAGS=''
GLADE_GNOME_DB_DIR=''
GLADE_GNOME_DB_LIB=''
GLADE_GNOME_DIR=''
GLADE_GNOME_LIB=''
GLADE_GNOME_LIBS=''
GLADE_GTK_CFLAGS='-pthread -I/usr/include/libxml2 -I/usr/include/gtk-2.0 -I/usr/lib/x86_64-linux-gnu/gtk-2.0/include -I/usr/include/gio-unix-2.0/ -I/usr/include/cairo -I/usr/include/pango-1.0 -I/usr/include/atk-1.0 -I/usr/include/cairo -I/usr/include/pixman-1 -I/usr/include/libpng12 -I/usr/include/gdk-pixbuf-2.0 -I/usr/include/libpng12 -I/usr/include/pango-1.0 -I/usr/include/harfbuzz -I/usr/include/pango-1.0 -I/usr/include/glib-2.0 -I/usr/lib/x86_64-linux-gnu/glib-2.0/include -I/usr/include/freetype2 '
GLADE_GTK_LIBS='-lxml2 -lgtk-x11-2.0 -lgdk-x11-2.0 -lpangocairo-1.0 -latk-1.0 -lcairo -lgdk_pixbuf-2.0 -lgio-2.0 -lpangoft2-1.0 -lpango-1.0 -lgobject-2.0 -lglib-2.0 -lfontconfig -lfreetype '
GLADE_LIBS='-lxml2 -lgtk-x11-2.0 -lgdk-x11-2.0 -lpangocairo-1.0 -latk-1.0 -lcairo -lgdk_pixbuf-2.0 -lgio-2.0 -lpangoft2-1.0 -lpango-1.0 -lgobject-2.0 -lglib-2.0 -lfontconfig -lfreetype    -lSM -lICE -lX11 '
GMOFILES=''
GMSGFMT='/usr/bin/msgfmt'
GREP='/bin/grep'
INSTALL_DATA='${INSTALL} -m 644'
INSTALL_PROGRAM='${INSTALL}'
INSTALL_SCRIPT='${INSTALL}'
INSTALL_STRIP_PROGRAM='$(install_sh) -c -s'
INSTOBJEXT='.mo'
INTLLIBS=''
INTLTOOL_CAVES_RULE='%.caves:     %.caves.in     $(INTLTOOL_MERGE) $(wildcard $(top_srcdir)/po/*.po) ; LC_ALL=C $(INTLTOOL_MERGE) -d -u -c $(top_builddir)/po/.intltool-merge-cache $(top_srcdir)/po $< $@'
INTLTOOL_DESKTOP_RULE='%.desktop:   %.desktop.in   $(INTLTOOL_MERGE) $(wildcard $(top_srcdir)/po/*.po) ; LC_ALL=C $(INTLTOOL_MERGE) -d -u -c $(top_builddir)/po/.intltool-merge-cache $(top_srcdir)/po $< $@'
INTLTOOL_DIRECTORY_RULE='%.directory: %.directory.in $(INTLTOOL_MERGE) $(wildcard $(top_srcdir)/po/*.po) ; LC_ALL=C $(INTLTOOL_MERGE) -d -u -c $(top_builddir)/po/.intltool-merge-cache $(top_srcdir)/po $< $@'
INTLTOOL_EXTRACT='$(top_builddir)/intltool-extract'
INTLTOOL_KBD_RULE='%.kbd:       %.kbd.in       $(INTLTOOL_MERGE) $(wildcard $(top_srcdir)/po/*.po) ; LC_ALL=C $(INTLTOOL_MERGE) -x -u -m -c $(top_builddir)/po/.intltool-merge-cache $(top_srcdir)/po $< $@'
INTLTOOL_KEYS_RULE='%.keys:      %.keys.in      $(INTLTOOL_MERGE) $(wildcard $(top_srcdir)/po/*.po) ; LC_ALL=C $(INTLTOOL_MERGE) -k -u -c $(top_builddir)/po/.intltool-merge-cache $(top_srcdir)/po $< $@'
INTLTOOL_MERGE='$(top_builddir)/intltool-merge'
INTLTOOL_OAF_RULE='%.oaf:       %.oaf.in       $(INTLTOOL_MERGE) $(wildcard $(top_srcdir)/po/*.po) ; LC_ALL=C $(INTLTOOL_MERGE) -o -p $(top_srcdir)/po $< $@'
INTLTOOL_PERL='/usr/bin/perl'
INTLTOOL_POLICY_RULE='%.policy:    %.policy.in    $(INTLTOOL_MERGE) $(wildcard $(top_srcdir)/po/*.po) ; LC_ALL=C $(INTLTOOL_MERGE) -x -u -c $(top_builddir)/po/.intltool-merge-cache $(top_srcdir)/po $< $@'
INTLTOOL_PONG_RULE='%.pong:      %.pong.in      $(INTLTOOL_MERGE) $(wildcard $(top_srcdir)/po/*.po) ; LC_ALL=C $(INTLTOOL_MERGE) -x -u -c $(top_builddir)/po/.intltool-merge-cache $(top_srcdir)/po $< $@'
INTLTOOL_PROP_RULE='%.prop:      %.prop.in      $(INTLTOOL_MERGE) $(wildcard $(top_srcdir)/po/*.po) ; LC_ALL=C $(INTLTOOL_MERGE) -d -u -c $(top_builddir)/po/.intltool-merge-cache $(top_srcdir)/po $< $@'
INTLTOOL_SCHEMAS_RULE='%.schemas:   %.schemas.in   $(INTLTOOL_MERGE) $(wildcard $(top_srcdir)/po/*.po) ; LC_ALL=C $(INTLTOOL_MERGE) -s -u -c $(top_builddir)/po/.intltool-merge-cache $(top_srcdir)/po $< $@'
INTLTOOL_SERVER_RULE='%.server:    %.server.in    $(INTLTOOL_MERGE) $(wildcard $(top_srcdir)/po/*.po) ; LC_ALL=C $(INTLTOOL_MERGE) -o -u -c $(top_builddir)/po/.intltool-merge-cache $(top_srcdir)/po $< $@'
INTLTOOL_SERVICE_RULE='%.service: %.service.in   $(INTLTOOL_MERGE) $(wildcard $(top_srcdir)/po/*.po) ; LC_ALL=C $(INTLTOOL_MERGE) -d -u -c $(top_builddir)/po/.intltool-merge-cache $(top_srcdir)/po $< $@'
INTLTOOL_SHEET_RULE='%.sheet:     %.sheet.in     $(INTLTOOL_MERGE) $(wildcard $(top_srcdir)/po/*.po) ; LC_ALL=C $(INTLTOOL_MERGE) -x -u -c $(top_builddir)/po/.intltool-merge-cache $(top_srcdir)/po $< $@'
INTLTOOL_SOUNDLIST_RULE='%.soundlist: %.soundlist.in $(INTLTOOL_MERGE) $(wildcard $(top_srcdir)/po/*.po) ; LC_ALL=C $(INTLTOOL_MERGE) -d -u -c $(top_builddir)/po/.intltool-merge-cache $(top_srcdir)/po $< $@'
INTLTOOL_THEME_RULE='%.theme:     %.theme.in     $(INTLTOOL_MERGE) $(wildcard $(top_srcdir)/po/*.po) ; LC_ALL=C $(INTLTOOL_MERGE) -d -u -c $(top_builddir)/po/.intltool-merge-cache $(top_srcdir)/po $< $@'
INTLTOOL_UI_RULE='%.ui:        %.ui.in        $(INTLTOOL_MERGE) $(wildcard $(top_srcdir)/po/*.po) ; LC_ALL=C $(INTLTOOL_MERGE) -x -u -c $(top_builddir)/po/.intltool-merge-cache $(top_srcdir)/po $< $@'
INTLTOOL_UPDATE='$(top_builddir)/intltool-update'
INTLTOOL_XAM_RULE='%.xam:       %.xml.in       $(INTLTOOL_MERGE) $(wildcard $(top_srcdir)/po/*.po) ; LC_ALL=C $(INTLTOOL_MERGE) -x -u -c $(top_builddir)/po/.intltool-merge-cache $(top_srcdir)/po $< $@'
INTLTOOL_XML_NOMERGE_RULE='%.xml:       %.xml.in       $(INTLTOOL_MERGE) ; LC_ALL=C $(INTLTOOL_MERGE) -x -u /tmp $< $@'
INTLTOOL_XML_RULE='%.xml:       %.xml.in       $(INTLTOOL_MERGE) $(wildcard $(top_srcdir)/po/*.po) ; LC_ALL=C $(INTLTOOL_MERGE) -x -u -c $(top_builddir)/po/.intltool-merge-cache $(top_srcdir)/po $< $@'
LDFLAGS=''
LIBOBJS=''
LIBS=''
LIBTOOL='$(SHELL) $(top_builddir)/libtool'
LN_S='ln -s'
LTLIBOBJS=''
MAINT='#'
MAINTAINER_MODE_FALSE=''
MAINTAINER_MODE_TRUE='#'
MAKEINFO='${SHELL} /home/anouar/PatchGlade/glade-2.12.2/missing --run makeinfo'
MKINSTALLDIRS='./mkinstalldirs'
MSGFMT='/usr/bin/msgfmt'
MSGFMT_OPTS='-c'
OBJEXT='o'
PACKAGE='glade'
PACKAGE_BUGREPORT='http://bugzilla.gnome.org/enter_bug.cgi?product=glade'
PACKAGE_NAME='Glade'
PACKAGE_STRING='Glade 2.12.2'
PACKAGE_TARNAME='glade'
PACKAGE_VERSION='2.12.2'
PATH_SEPARATOR=':'
PKG_CONFIG='/usr/bin/pkg-config'
POFILES=''
POSUB='po'
PO_IN_DATADIR_FALSE=''
PO_IN_DATADIR_TRUE=''
RANLIB='ranlib'
SCROLLKEEPER_CONFIG='/usr/bin/scrollkeeper-config'
SCROLLKEEPER_REQUIRED='0.1.4'
SED='/bin/sed'
SET_MAKE=''
SHELL='/bin/bash'
STRIP='strip'
USE_NLS='yes'
VERSION='2.12.2'
XGETTEXT='/usr/bin/xgettext'
XMKMF=''
X_CFLAGS=''
X_EXTRA_LIBS=''
X_LIBS=''
X_PRE_LIBS=' -lSM -lICE'
ac_ct_CC='gcc'
ac_ct_CXX='g++'
ac_ct_F77=''
am__fastdepCC_FALSE='#'
am__fastdepCC_TRUE=''
am__fastdepCXX_FALSE='#'
am__fastdepCXX_TRUE=''
am__include='include'
am__isrc=''
am__leading_dot='.'
am__quote=''
am__tar='${AMTAR} chof - "$$tardir"'
am__untar='${AMTAR} xf -'
bindir='${exec_prefix}/bin'
build='x86_64-unknown-linux-gnu'
build_alias=''
build_cpu='x86_64'
build_os='linux-gnu'
build_vendor='unknown'
datadir='${datarootdir}'
datarootdir='${prefix}/share'
docdir='${datarootdir}/doc/${PACKAGE_TARNAME}'
dvidir='${docdir}'
exec_prefix='${prefix}'
host='x86_64-unknown-linux-gnu'
host_alias=''
host_cpu='x86_64'
host_os='linux-gnu'
host_vendor='unknown'
htmldir='${docdir}'
includedir='${prefix}/include'
infodir='${datarootdir}/info'
install_sh='$(SHELL) /home/anouar/PatchGlade/glade-2.12.2/install-sh'
libdir='${exec_prefix}/lib'
libexecdir='${exec_prefix}/libexec'
localedir='${datarootdir}/locale'
localstatedir='${prefix}/var'
mandir='${datarootdir}/man'
mkdir_p='/bin/mkdir -p'
oldincludedir='/usr/include'
pdfdir='${docdir}'
prefix='/usr/local'
program_transform_name='s,x,x,'
psdir='${docdir}'
sbindir='${exec_prefix}/sbin'
sharedstatedir='${prefix}/com'
sysconfdir='${prefix}/etc'
target_alias=''

## ----------- ##
## confdefs.h. ##
## ----------- ##

#define PACKAGE_NAME "Glade"
#define PACKAGE_TARNAME "glade"
#define PACKAGE_VERSION "2.12.2"
#define PACKAGE_STRING "Glade 2.12.2"
#define PACKAGE_BUGREPORT "http://bugzilla.gnome.org/enter_bug.cgi?product=glade"
#define PACKAGE "glade"
#define VERSION "2.12.2"
#define STDC_HEADERS 1
#define HAVE_SYS_TYPES_H 1
#define HAVE_SYS_STAT_H 1
#define HAVE_STDLIB_H 1
#define HAVE_STRING_H 1
#define HAVE_MEMORY_H 1
#define HAVE_STRINGS_H 1
#define HAVE_INTTYPES_H 1
#define HAVE_STDINT_H 1
#define HAVE_UNISTD_H 1
#define HAVE_DLFCN_H 1
#define GETTEXT_PACKAGE "glade-2.0"
#define HAVE_LOCALE_H 1
#define HAVE_LC_MESSAGES 1
#define HAVE_BIND_TEXTDOMAIN_CODESET 1
#define HAVE_GETTEXT 1
#define HAVE_DCGETTEXT 1
#define ENABLE_NLS 1

configure: exit 0
