This file contains any messages produced by compilers while
running configure, to aid debugging if configure makes a mistake.

It was created by configure, which was
generated by GNU Autoconf 2.57.  Invocation command line was

  $ ./configure --prefix=/usr --sysconfdir=/etc --localstatedir=/var --disable-static

## --------- ##
## Platform. ##
## --------- ##

hostname = eya-VirtualBox
uname -m = x86_64
uname -r = 6.14.0-33-generic
uname -s = Linux
uname -v = #33~24.04.1-Ubuntu SMP PREEMPT_DYNAMIC Fri Sep 19 17:02:30 UTC 2

/usr/bin/uname -p = x86_64
/bin/uname -X     = unknown

/bin/arch              = x86_64
/usr/bin/arch -k       = unknown
/usr/convex/getsysinfo = unknown
hostinfo               = unknown
/bin/machine           = unknown
/usr/bin/oslevel       = unknown
/bin/universe          = unknown

PATH: /usr/local/sbin
PATH: /usr/local/bin
PATH: /usr/sbin
PATH: /usr/bin
PATH: /sbin
PATH: /bin
PATH: /usr/games
PATH: /usr/local/games
PATH: /snap/bin
PATH: /snap/bin


## ----------- ##
## Core tests. ##
## ----------- ##

configure:1458: checking for gawk
configure:1487: result: no
configure:1458: checking for mawk
configure:1474: found /usr/bin/mawk
configure:1484: result: mawk
configure:1540: checking for gcc
configure:1556: found /usr/bin/gcc
configure:1566: result: gcc
configure:1810: checking for C compiler version
configure:1813: gcc --version </dev/null >&5
gcc (Ubuntu 13.3.0-6ubuntu2~24.04) 13.3.0
Copyright (C) 2023 Free Software Foundation, Inc.
This is free software; see the source for copying conditions.  There is NO
warranty; not even for MERCHANTABILITY or FITNESS FOR A PARTICULAR PURPOSE.

configure:1816: $? = 0
configure:1818: gcc -v </dev/null >&5
Using built-in specs.
COLLECT_GCC=gcc
COLLECT_LTO_WRAPPER=/usr/libexec/gcc/x86_64-linux-gnu/13/lto-wrapper
OFFLOAD_TARGET_NAMES=nvptx-none:amdgcn-amdhsa
OFFLOAD_TARGET_DEFAULT=1
Target: x86_64-linux-gnu
Configured with: ../src/configure -v --with-pkgversion='Ubuntu 13.3.0-6ubuntu2~24.04' --with-bugurl=file:///usr/share/doc/gcc-13/README.Bugs --enable-languages=c,ada,c++,go,d,fortran,objc,obj-c++,m2 --prefix=/usr --with-gcc-major-version-only --program-suffix=-13 --program-prefix=x86_64-linux-gnu- --enable-shared --enable-linker-build-id --libexecdir=/usr/libexec --without-included-gettext --enable-threads=posix --libdir=/usr/lib --enable-nls --enable-bootstrap --enable-clocale=gnu --enable-libstdcxx-debug --enable-libstdcxx-time=yes --with-default-libstdcxx-abi=new --enable-libstdcxx-backtrace --enable-gnu-unique-object --disable-vtable-verify --enable-plugin --enable-default-pie --with-system-zlib --enable-libphobos-checking=release --with-target-system-zlib=auto --enable-objc-gc=auto --enable-multiarch --disable-werror --enable-cet --with-arch-32=i686 --with-abi=m64 --with-multilib-list=m32,m64,mx32 --enable-multilib --with-tune=generic --enable-offload-targets=nvptx-none=/build/gcc-13-fG75Ri/gcc-13-13.3.0/debian/tmp-nvptx/usr,amdgcn-amdhsa=/build/gcc-13-fG75Ri/gcc-13-13.3.0/debian/tmp-gcn/usr --enable-offload-defaulted --without-cuda-driver --enable-checking=release --build=x86_64-linux-gnu --host=x86_64-linux-gnu --target=x86_64-linux-gnu --with-build-config=bootstrap-lto-lean --enable-link-serialization=2
Thread model: posix
Supported LTO compression algorithms: zlib zstd
gcc version 13.3.0 (Ubuntu 13.3.0-6ubuntu2~24.04) 
configure:1821: $? = 0
configure:1823: gcc -V </dev/null >&5
gcc: error: unrecognized command-line option '-V'
gcc: fatal error: no input files
compilation terminated.
configure:1826: $? = 1
configure:1850: checking for C compiler default output
configure:1853: gcc    conftest.c  >&5
configure:1856: $? = 0
configure:1902: result: a.out
configure:1907: checking whether the C compiler works
configure:1913: ./a.out
configure:1916: $? = 0
configure:1933: result: yes
configure:1940: checking whether we are cross compiling
configure:1942: result: no
configure:1945: checking for suffix of executables
configure:1947: gcc -o conftest    conftest.c  >&5
configure:1950: $? = 0
configure:1975: result: 
configure:1981: checking for suffix of object files
configure:2003: gcc -c   conftest.c >&5
configure:2006: $? = 0
configure:2028: result: o
configure:2032: checking whether we are using the GNU C compiler
configure:2057: gcc -c   conftest.c >&5
configure:2060: $? = 0
configure:2063: test -s conftest.o
configure:2066: $? = 0
configure:2079: result: yes
configure:2085: checking whether gcc accepts -g
configure:2107: gcc -c -g  conftest.c >&5
configure:2110: $? = 0
configure:2113: test -s conftest.o
configure:2116: $? = 0
configure:2127: result: yes
configure:2144: checking for gcc option to accept ANSI C
configure:2205: gcc  -c -g -O2  conftest.c >&5
configure:2208: $? = 0
configure:2211: test -s conftest.o
configure:2214: $? = 0
configure:2232: result: none needed
configure:2250: gcc -c -g -O2  conftest.c >&5
conftest.c:2:3: error: unknown type name 'choke'
    2 |   choke me
      |   ^~~~~
conftest.c:2:3: error: expected '=', ',', ';', 'asm' or '__attribute__' at end of input
configure:2253: $? = 1
configure: failed program was:
| #ifndef __cplusplus
|   choke me
| #endif
configure:2367: checking how to run the C preprocessor
configure:2403: gcc -E  conftest.c
configure:2409: $? = 0
configure:2441: gcc -E  conftest.c
configure:2440:10: fatal error: ac_nonexistent.h: No such file or directory
 2440 | _ACEOF
      |          ^                 
compilation terminated.
configure:2447: $? = 1
configure: failed program was:
| #line 2432 "configure"
| /* confdefs.h.  */
| 
| #define PACKAGE_NAME ""
| #define PACKAGE_TARNAME ""
| #define PACKAGE_VERSION ""
| #define PACKAGE_STRING ""
| #define PACKAGE_BUGREPORT ""
| /* end confdefs.h.  */
| #include <ac_nonexistent.h>
configure:2485: result: gcc -E
configure:2510: gcc -E  conftest.c
configure:2516: $? = 0
configure:2548: gcc -E  conftest.c
configure:2547:10: fatal error: ac_nonexistent.h: No such file or directory
 2547 | _ACEOF
      |          ^                 
compilation terminated.
configure:2554: $? = 1
configure: failed program was:
| #line 2539 "configure"
| /* confdefs.h.  */
| 
| #define PACKAGE_NAME ""
| #define PACKAGE_TARNAME ""
| #define PACKAGE_VERSION ""
| #define PACKAGE_STRING ""
| #define PACKAGE_BUGREPORT ""
| /* end confdefs.h.  */
| #include <ac_nonexistent.h>
configure:2633: checking for a BSD-compatible install
configure:2687: result: /usr/bin/install -c
configure:2698: checking whether ln -s works
configure:2702: result: yes
configure:2709: checking whether make sets $(MAKE)
configure:2729: result: yes
configure:2742: checking for egrep
configure:2752: result: grep -E
configure:2757: checking for ANSI C header files
configure:2783: gcc -c -g -O2  conftest.c >&5
configure:2786: $? = 0
configure:2789: test -s conftest.o
configure:2792: $? = 0
configure:2884: gcc -o conftest -g -O2   conftest.c  >&5
configure: In function 'main':
configure:2877:7: warning: implicit declaration of function 'exit' [-Wimplicit-function-declaration]
 2877 |     if (XOR (islower (i), ISLOWER (i))
      |       ^~~~
configure:2861:1: note: include '<stdlib.h>' or provide a declaration of 'exit'
 2860 | #if ((' ' & 0x0FF) == 0x020)
  +++ |+#include <stdlib.h>
 2861 | # define ISLOWER(c) ('a' <= (c) && (c) <= 'z')
configure:2877:7: warning: incompatible implicit declaration of built-in function 'exit' [-Wbuiltin-declaration-mismatch]
 2877 |     if (XOR (islower (i), ISLOWER (i))
      |       ^~~~
configure:2877:7: note: include '<stdlib.h>' or provide a declaration of 'exit'
configure:2878:3: warning: incompatible implicit declaration of built-in function 'exit' [-Wbuiltin-declaration-mismatch]
 2878 |         || toupper (i) != TOUPPER (i))
      |   ^   
configure:2878:3: note: include '<stdlib.h>' or provide a declaration of 'exit'
configure:2887: $? = 0
configure:2889: ./conftest
configure:2892: $? = 0
configure:2907: result: yes
configure:2919: checking for strerror in -lcposix
configure:2950: gcc -o conftest -g -O2   conftest.c -lcposix   >&5
/usr/bin/ld: cannot find -lcposix: No such file or directory
collect2: error: ld returned 1 exit status
configure:2953: $? = 1
configure: failed program was:
| #line 2926 "configure"
| /* confdefs.h.  */
| 
| #define PACKAGE_NAME ""
| #define PACKAGE_TARNAME ""
| #define PACKAGE_VERSION ""
| #define PACKAGE_STRING ""
| #define PACKAGE_BUGREPORT ""
| #define STDC_HEADERS 1
| /* end confdefs.h.  */
| 
| /* Override any gcc2 internal prototype to avoid an error.  */
| #ifdef __cplusplus
| extern "C"
| #endif
| /* We use char because int might match the return type of a gcc2
|    builtin and then its argument prototype would still apply.  */
| char strerror ();
| int
| main ()
| {
| strerror ();
|   ;
|   return 0;
| }
configure:2971: result: no
configure:2986: checking build system type
configure:3004: result: x86_64-unknown-linux-gnu
configure:3012: checking host system type
configure:3026: result: x86_64-unknown-linux-gnu
configure:3034: checking target system type
configure:3048: result: x86_64-unknown-linux-gnu
configure:3066: checking whether build environment is sane
configure:3109: result: yes
configure:3159: checking for style of include used by make
configure:3187: result: GNU
configure:3359: checking dependency style of gcc
configure:3442: result: gcc3
configure:3548: checking for ld used by GCC
configure:3611: result: /usr/bin/ld
configure:3620: checking if the linker (/usr/bin/ld) is GNU ld
GNU ld (GNU Binutils for Ubuntu) 2.42
configure:3632: result: yes
configure:3637: checking for /usr/bin/ld option to reload object files
configure:3644: result: -r
configure:3649: checking for BSD-compatible nm
configure:3685: result: /usr/bin/nm -B
configure:3688: checking for a sed that does not truncate output
configure:3770: result: /usr/bin/sed
configure:3773: checking how to recognise dependent libraries
configure:3954: result: file_magic ELF [0-9][0-9]*-bit [LM]SB (shared object|dynamic lib )
configure:3966: checking command to parse /usr/bin/nm -B output
configure:4050: gcc -c -g -O2  conftest.c >&5
configure:4053: $? = 0
configure:4057: /usr/bin/nm -B conftest.o \| sed -n -e 's/^.*[ 	]\([ABCDGISTW][ABCDGISTW]*\)[ 	][ 	]*\(\)\([_A-Za-z][_A-Za-z0-9]*\)$/\1 \2\3 \3/p' \> conftest.nm
configure:4060: $? = 0
configure:4112: gcc -o conftest -g -O2   conftest.c conftstm.o >&5
configure:4115: $? = 0
configure:4159: result: ok
configure:4177: checking for sys/types.h
configure:4194: gcc -c -g -O2  conftest.c >&5
configure:4197: $? = 0
configure:4200: test -s conftest.o
configure:4203: $? = 0
configure:4214: result: yes
configure:4177: checking for sys/stat.h
configure:4194: gcc -c -g -O2  conftest.c >&5
configure:4197: $? = 0
configure:4200: test -s conftest.o
configure:4203: $? = 0
configure:4214: result: yes
configure:4177: checking for stdlib.h
configure:4194: gcc -c -g -O2  conftest.c >&5
configure:4197: $? = 0
configure:4200: test -s conftest.o
configure:4203: $? = 0
configure:4214: result: yes
configure:4177: checking for string.h
configure:4194: gcc -c -g -O2  conftest.c >&5
configure:4197: $? = 0
configure:4200: test -s conftest.o
configure:4203: $? = 0
configure:4214: result: yes
configure:4177: checking for memory.h
configure:4194: gcc -c -g -O2  conftest.c >&5
configure:4197: $? = 0
configure:4200: test -s conftest.o
configure:4203: $? = 0
configure:4214: result: yes
configure:4177: checking for strings.h
configure:4194: gcc -c -g -O2  conftest.c >&5
configure:4197: $? = 0
configure:4200: test -s conftest.o
configure:4203: $? = 0
configure:4214: result: yes
configure:4177: checking for inttypes.h
configure:4194: gcc -c -g -O2  conftest.c >&5
configure:4197: $? = 0
configure:4200: test -s conftest.o
configure:4203: $? = 0
configure:4214: result: yes
configure:4177: checking for stdint.h
configure:4194: gcc -c -g -O2  conftest.c >&5
configure:4197: $? = 0
configure:4200: test -s conftest.o
configure:4203: $? = 0
configure:4214: result: yes
configure:4177: checking for unistd.h
configure:4194: gcc -c -g -O2  conftest.c >&5
configure:4197: $? = 0
configure:4200: test -s conftest.o
configure:4203: $? = 0
configure:4214: result: yes
configure:4240: checking dlfcn.h usability
configure:4253: gcc -c -g -O2  conftest.c >&5
configure:4256: $? = 0
configure:4259: test -s conftest.o
configure:4262: $? = 0
configure:4272: result: yes
configure:4276: checking dlfcn.h presence
configure:4287: gcc -E  conftest.c
configure:4293: $? = 0
configure:4312: result: yes
configure:4348: checking for dlfcn.h
configure:4355: result: yes
configure:4377: checking for file
configure:4432: result: /usr/bin/file
configure:4553: checking for ranlib
configure:4569: found /usr/bin/ranlib
configure:4580: result: ranlib
configure:4633: checking for strip
configure:4649: found /usr/bin/strip
configure:4660: result: strip
configure:4870: checking for objdir
configure:4881: result: .libs
configure:4898: checking for gcc option to produce PIC
configure:5044: result: -fPIC
configure:5048: checking if gcc PIC flag -fPIC works
configure:5072: gcc -c -g -O2 -fPIC -DPIC  conftest.c >&5
configure:5075: $? = 0
configure:5078: test -s conftest.o
configure:5081: $? = 0
configure:5119: result: yes
configure:5135: checking if gcc static flag -static works
configure:5160: gcc -o conftest -g -O2   -static conftest.c  >&5
configure:5163: $? = 0
configure:5166: test -s conftest
configure:5169: $? = 0
configure:5185: result: yes
configure:5197: checking if gcc supports -c -o file.o
configure:5217: gcc -c -g -O2 -o out/conftest2.o  conftest.c >&5
configure:5241: result: yes
configure:5246: checking if gcc supports -c -o file.lo
configure:5274: gcc -c -g -O2 -c -o conftest.lo  conftest.c >&5
configure:5277: $? = 0
configure:5280: test -s conftest.lo
configure:5283: $? = 0
configure:5305: result: yes
configure:5336: checking if gcc supports -fno-rtti -fno-exceptions
configure:5359: gcc -c -g -O2 -fno-rtti -fno-exceptions -c conftest.c  conftest.c >&5
cc1: warning: command-line option '-fno-rtti' is valid for C++/D/ObjC++ but not for C
cc1: warning: command-line option '-fno-rtti' is valid for C++/D/ObjC++ but not for C
configure:5362: $? = 0
configure:5365: test -s conftest.o
configure:5368: $? = 0
configure:5385: result: yes
configure:5396: checking whether the linker (/usr/bin/ld) supports shared libraries
configure:6091: result: yes
configure:6096: checking how to hardcode library paths into programs
configure:6120: result: immediate
configure:6125: checking whether stripping libraries is possible
configure:6130: result: yes
configure:6141: checking dynamic linker characteristics
configure:6548: result: GNU/Linux ld.so
configure:6553: checking if libtool supports shared libraries
configure:6555: result: yes
configure:6558: checking whether to build shared libraries
configure:6579: result: yes
configure:6582: checking whether to build static libraries
configure:6586: result: no
configure:7260: checking whether -lc should be explicitly linked in
configure:7268: gcc -c -g -O2  conftest.c >&5
configure:7271: $? = 0
configure:7285: gcc -shared conftest.o  -v -Wl,-soname -Wl,conftest -o conftest 2\>\&1 \| grep  -lc  \>/dev/null 2\>\&1
configure:7288: $? = 0
configure:7301: result: no
configure:7877: checking for intltool >= 0.28
configure:7887: result: 0.28 found
configure:7942: checking for perl
configure:7960: found /usr/bin/perl
configure:7972: result: /usr/bin/perl
configure:8007: checking for an ANSI C-conforming const
configure:8075: gcc -c -g -O2  conftest.c >&5
configure:8078: $? = 0
configure:8081: test -s conftest.o
configure:8084: $? = 0
configure:8095: result: yes
configure:8113: checking for getcwd
configure:8163: gcc -o conftest -g -O2   conftest.c  >&5
configure:8166: $? = 0
configure:8169: test -s conftest
configure:8172: $? = 0
configure:8183: result: yes
configure:8113: checking for getwd
configure:8163: gcc -o conftest -g -O2   conftest.c  >&5
/usr/bin/ld: /tmp/ccHOqBLZ.o: in function `main':
/home/eya/Téléchargements/glade-2.12.2/scrollkeeper-0.3.14/conftest.c:8172:(.text.startup+0x7): warning: the `getwd' function is dangerous and should not be used.
configure:8166: $? = 0
configure:8169: test -s conftest
configure:8172: $? = 0
configure:8183: result: yes
configure:8113: checking for putenv
configure:8163: gcc -o conftest -g -O2   conftest.c  >&5
configure:8166: $? = 0
configure:8169: test -s conftest
configure:8172: $? = 0
configure:8183: result: yes
configure:8113: checking for strdup
configure:8163: gcc -o conftest -g -O2   conftest.c  >&5
configure:8158:6: warning: conflicting types for built-in function 'strdup'; expected 'char *(const char *)' [-Wbuiltin-declaration-mismatch]
 8158 |   ;
      |      ^     
configure:8166: $? = 0
configure:8169: test -s conftest
configure:8172: $? = 0
configure:8183: result: yes
configure:8194: checking for --with-omfdirs
configure:8208: result: /usr/share/omf:/usr/local/share/omf:/opt/gnome/share/omf:/opt/gnome-2.0/share/omf:/opt/kde/omf
configure:8214: checking for xml2-config
configure:8232: found /usr/bin/xml2-config
configure:8245: result: /usr/bin/xml2-config
configure:8257: checking libxml2 version
configure:8260: result: 2.9.14
configure:8277: checking for xslt-config
configure:8295: found /usr/bin/xslt-config
configure:8308: result: /usr/bin/xslt-config
configure:8327: checking which XML catalog to use
configure:8351: result: /etc/xml/catalog
configure:8360: checking for DocBook XML DTD
configure:8374: result: found version 4.2
configure:8403: checking whether NLS is requested
configure:8412: result: yes
configure:8450: checking for msgfmt
configure:8481: result: /usr/bin/msgfmt
configure:8490: checking for gmsgfmt
configure:8521: result: /usr/bin/msgfmt
configure:8560: checking for xgettext
configure:8591: result: /usr/bin/xgettext
configure:8631: checking for msgmerge
configure:8661: result: /usr/bin/msgmerge
configure:8737: checking for ranlib
configure:8764: result: ranlib
configure:8776: checking for inline
configure:8798: gcc -c -g -O2  conftest.c >&5
configure:8801: $? = 0
configure:8804: test -s conftest.o
configure:8807: $? = 0
configure:8819: result: inline
configure:8834: checking for off_t
configure:8859: gcc -c -g -O2  conftest.c >&5
configure:8862: $? = 0
configure:8865: test -s conftest.o
configure:8868: $? = 0
configure:8879: result: yes
configure:8891: checking for size_t
configure:8916: gcc -c -g -O2  conftest.c >&5
configure:8919: $? = 0
configure:8922: test -s conftest.o
configure:8925: $? = 0
configure:8936: result: yes
configure:8950: checking for working alloca.h
configure:8972: gcc -o conftest -g -O2   conftest.c  >&5
configure:8975: $? = 0
configure:8978: test -s conftest
configure:8981: $? = 0
configure:8992: result: yes
configure:9002: checking for alloca
configure:9044: gcc -o conftest -g -O2   conftest.c  >&5
configure:9047: $? = 0
configure:9050: test -s conftest
configure:9053: $? = 0
configure:9064: result: yes
configure:9277: checking for stdlib.h
configure:9282: result: yes
configure:9277: checking for unistd.h
configure:9282: result: yes
configure:9418: checking for getpagesize
configure:9468: gcc -o conftest -g -O2   conftest.c  >&5
configure:9471: $? = 0
configure:9474: test -s conftest
configure:9477: $? = 0
configure:9488: result: yes
configure:9498: checking for working mmap
configure:9641: gcc -o conftest -g -O2   conftest.c  >&5
configure: In function 'main':
configure:9673:25: warning: cast from pointer to integer of different size [-Wpointer-to-int-cast]
 9673 | 
      |                         ^
configure:9644: $? = 0
configure:9646: ./conftest
configure:9649: $? = 0
configure:9663: result: yes
configure:9675: checking whether we are using the GNU C Library 2.1 or newer
configure:9707: result: yes
configure:9715: checking whether integer division by zero raises SIGFPE
configure:9778: gcc -o conftest -g -O2   conftest.c  >&5
configure:9783:5: warning: built-in function 'nan' declared as non-function [-Wbuiltin-declaration-mismatch]
 9783 |   { (eval echo "$as_me:$LINENO: \"$ac_try\"") >&5
      |     ^~~
configure:9781: $? = 0
configure:9783: ./conftest
configure:9786: $? = 0
configure:9801: result: yes
configure:9814: checking for inttypes.h
configure:9837: gcc -c -g -O2  conftest.c >&5
configure:9840: $? = 0
configure:9843: test -s conftest.o
configure:9846: $? = 0
configure:9857: result: yes
configure:9868: checking for stdint.h
configure:9891: gcc -c -g -O2  conftest.c >&5
configure:9894: $? = 0
configure:9897: test -s conftest.o
configure:9900: $? = 0
configure:9911: result: yes
configure:9922: checking for unsigned long long
configure:9945: gcc -o conftest -g -O2   conftest.c  >&5
configure:9948: $? = 0
configure:9951: test -s conftest
configure:9954: $? = 0
configure:9965: result: yes
configure:9997: checking for inttypes.h
configure:10021: gcc -c -g -O2  conftest.c >&5
configure:10024: $? = 0
configure:10027: test -s conftest.o
configure:10030: $? = 0
configure:10042: result: yes
configure:10055: checking whether the inttypes.h PRIxNN macros are broken
configure:10082: gcc -c -g -O2  conftest.c >&5
configure:10085: $? = 0
configure:10088: test -s conftest.o
configure:10091: $? = 0
configure:10103: result: no
configure:10154: checking for ld used by GCC
configure:10217: result: /usr/bin/ld
configure:10226: checking if the linker (/usr/bin/ld) is GNU ld
GNU ld (GNU Binutils for Ubuntu) 2.42
configure:10238: result: yes
configure:10244: checking for shared library run path origin
configure:10257: result: done
configure:10683: checking argz.h usability
configure:10696: gcc -c -g -O2  conftest.c >&5
configure:10699: $? = 0
configure:10702: test -s conftest.o
configure:10705: $? = 0
configure:10715: result: yes
configure:10719: checking argz.h presence
configure:10730: gcc -E  conftest.c
configure:10736: $? = 0
configure:10755: result: yes
configure:10791: checking for argz.h
configure:10798: result: yes
configure:10683: checking limits.h usability
configure:10696: gcc -c -g -O2  conftest.c >&5
configure:10699: $? = 0
configure:10702: test -s conftest.o
configure:10705: $? = 0
configure:10715: result: yes
configure:10719: checking limits.h presence
configure:10730: gcc -E  conftest.c
configure:10736: $? = 0
configure:10755: result: yes
configure:10791: checking for limits.h
configure:10798: result: yes
configure:10683: checking locale.h usability
configure:10696: gcc -c -g -O2  conftest.c >&5
configure:10699: $? = 0
configure:10702: test -s conftest.o
configure:10705: $? = 0
configure:10715: result: yes
configure:10719: checking locale.h presence
configure:10730: gcc -E  conftest.c
configure:10736: $? = 0
configure:10755: result: yes
configure:10791: checking for locale.h
configure:10798: result: yes
configure:10683: checking nl_types.h usability
configure:10696: gcc -c -g -O2  conftest.c >&5
configure:10699: $? = 0
configure:10702: test -s conftest.o
configure:10705: $? = 0
configure:10715: result: yes
configure:10719: checking nl_types.h presence
configure:10730: gcc -E  conftest.c
configure:10736: $? = 0
configure:10755: result: yes
configure:10791: checking for nl_types.h
configure:10798: result: yes
configure:10683: checking malloc.h usability
configure:10696: gcc -c -g -O2  conftest.c >&5
configure:10699: $? = 0
configure:10702: test -s conftest.o
configure:10705: $? = 0
configure:10715: result: yes
configure:10719: checking malloc.h presence
configure:10730: gcc -E  conftest.c
configure:10736: $? = 0
configure:10755: result: yes
configure:10791: checking for malloc.h
configure:10798: result: yes
configure:10683: checking stddef.h usability
configure:10696: gcc -c -g -O2  conftest.c >&5
configure:10699: $? = 0
configure:10702: test -s conftest.o
configure:10705: $? = 0
configure:10715: result: yes
configure:10719: checking stddef.h presence
configure:10730: gcc -E  conftest.c
configure:10736: $? = 0
configure:10755: result: yes
configure:10791: checking for stddef.h
configure:10798: result: yes
configure:10674: checking for stdlib.h
configure:10679: result: yes
configure:10674: checking for string.h
configure:10679: result: yes
configure:10674: checking for unistd.h
configure:10679: result: yes
configure:10683: checking sys/param.h usability
configure:10696: gcc -c -g -O2  conftest.c >&5
configure:10699: $? = 0
configure:10702: test -s conftest.o
configure:10705: $? = 0
configure:10715: result: yes
configure:10719: checking sys/param.h presence
configure:10730: gcc -E  conftest.c
configure:10736: $? = 0
configure:10755: result: yes
configure:10791: checking for sys/param.h
configure:10798: result: yes
configure:10839: checking for feof_unlocked
configure:10889: gcc -o conftest -g -O2   conftest.c  >&5
configure:10892: $? = 0
configure:10895: test -s conftest
configure:10898: $? = 0
configure:10909: result: yes
configure:10839: checking for fgets_unlocked
configure:10889: gcc -o conftest -g -O2   conftest.c  >&5
configure:10892: $? = 0
configure:10895: test -s conftest
configure:10898: $? = 0
configure:10909: result: yes
configure:10839: checking for getc_unlocked
configure:10889: gcc -o conftest -g -O2   conftest.c  >&5
configure:10892: $? = 0
configure:10895: test -s conftest
configure:10898: $? = 0
configure:10909: result: yes
configure:10839: checking for getcwd
configure:10909: result: yes
configure:10839: checking for getegid
configure:10889: gcc -o conftest -g -O2   conftest.c  >&5
configure:10892: $? = 0
configure:10895: test -s conftest
configure:10898: $? = 0
configure:10909: result: yes
configure:10839: checking for geteuid
configure:10889: gcc -o conftest -g -O2   conftest.c  >&5
configure:10892: $? = 0
configure:10895: test -s conftest
configure:10898: $? = 0
configure:10909: result: yes
configure:10839: checking for getgid
configure:10889: gcc -o conftest -g -O2   conftest.c  >&5
configure:10892: $? = 0
configure:10895: test -s conftest
configure:10898: $? = 0
configure:10909: result: yes
configure:10839: checking for getuid
configure:10889: gcc -o conftest -g -O2   conftest.c  >&5
configure:10892: $? = 0
configure:10895: test -s conftest
configure:10898: $? = 0
configure:10909: result: yes
configure:10839: checking for mempcpy
configure:10889: gcc -o conftest -g -O2   conftest.c  >&5
configure:10917:6: warning: conflicting types for built-in function 'mempcpy'; expected 'void *(void *, const void *, long unsigned int)' [-Wbuiltin-declaration-mismatch]
10917 | done
      |      ^      
configure:10892: $? = 0
configure:10895: test -s conftest
configure:10898: $? = 0
configure:10909: result: yes
configure:10839: checking for munmap
configure:10889: gcc -o conftest -g -O2   conftest.c  >&5
configure:10892: $? = 0
configure:10895: test -s conftest
configure:10898: $? = 0
configure:10909: result: yes
configure:10839: checking for putenv
configure:10909: result: yes
configure:10839: checking for setenv
configure:10889: gcc -o conftest -g -O2   conftest.c  >&5
configure:10892: $? = 0
configure:10895: test -s conftest
configure:10898: $? = 0
configure:10909: result: yes
configure:10839: checking for setlocale
configure:10889: gcc -o conftest -g -O2   conftest.c  >&5
configure:10892: $? = 0
configure:10895: test -s conftest
configure:10898: $? = 0
configure:10909: result: yes
configure:10839: checking for stpcpy
configure:10889: gcc -o conftest -g -O2   conftest.c  >&5
configure:10922:6: warning: conflicting types for built-in function 'stpcpy'; expected 'char *(char *, const char *)' [-Wbuiltin-declaration-mismatch]
10922 | 
      |      ^     
configure:10892: $? = 0
configure:10895: test -s conftest
configure:10898: $? = 0
configure:10909: result: yes
configure:10839: checking for strcasecmp
configure:10889: gcc -o conftest -g -O2   conftest.c  >&5
configure:10923:6: warning: conflicting types for built-in function 'strcasecmp'; expected 'int(const char *, const char *)' [-Wbuiltin-declaration-mismatch]
10923 | 
      |      ^         
configure:10892: $? = 0
configure:10895: test -s conftest
configure:10898: $? = 0
configure:10909: result: yes
configure:10839: checking for strdup
configure:10909: result: yes
configure:10839: checking for strtoul
configure:10889: gcc -o conftest -g -O2   conftest.c  >&5
configure:10892: $? = 0
configure:10895: test -s conftest
configure:10898: $? = 0
configure:10909: result: yes
configure:10839: checking for tsearch
configure:10889: gcc -o conftest -g -O2   conftest.c  >&5
configure:10892: $? = 0
configure:10895: test -s conftest
configure:10898: $? = 0
configure:10909: result: yes
configure:10839: checking for __argz_count
configure:10889: gcc -o conftest -g -O2   conftest.c  >&5
configure:10892: $? = 0
configure:10895: test -s conftest
configure:10898: $? = 0
configure:10909: result: yes
configure:10839: checking for __argz_stringify
configure:10889: gcc -o conftest -g -O2   conftest.c  >&5
configure:10892: $? = 0
configure:10895: test -s conftest
configure:10898: $? = 0
configure:10909: result: yes
configure:10839: checking for __argz_next
configure:10889: gcc -o conftest -g -O2   conftest.c  >&5
configure:10892: $? = 0
configure:10895: test -s conftest
configure:10898: $? = 0
configure:10909: result: yes
configure:10839: checking for __fsetlocking
configure:10889: gcc -o conftest -g -O2   conftest.c  >&5
configure:10892: $? = 0
configure:10895: test -s conftest
configure:10898: $? = 0
configure:10909: result: yes
configure:10950: checking for iconv
configure:10978: gcc -o conftest -g -O2   conftest.c  >&5
configure:10981: $? = 0
configure:10984: test -s conftest
configure:10987: $? = 0
configure:11042: result: yes
configure:11065: checking for iconv declaration
configure:11100: gcc -c -g -O2  conftest.c >&5
configure:11103: $? = 0
configure:11106: test -s conftest.o
configure:11109: $? = 0
configure:11124: result: 
         extern size_t iconv (iconv_t cd, char * *inbuf, size_t *inbytesleft, char * *outbuf, size_t *outbytesleft);
configure:11135: checking for nl_langinfo and CODESET
configure:11157: gcc -o conftest -g -O2   conftest.c  >&5
configure:11160: $? = 0
configure:11163: test -s conftest
configure:11166: $? = 0
configure:11178: result: yes
configure:11190: checking for LC_MESSAGES
configure:11212: gcc -o conftest -g -O2   conftest.c  >&5
configure:11215: $? = 0
configure:11218: test -s conftest
configure:11221: $? = 0
configure:11232: result: yes
configure:11248: checking for bison
configure:11277: result: no
configure:11318: checking whether NLS is requested
configure:11327: result: yes
configure:11343: checking whether included gettext is requested
configure:11353: result: no
configure:11364: checking for GNU gettext in libc
configure:11389: gcc -o conftest -g -O2   conftest.c  >&5
configure: In function 'main':
configure:11451:8: warning: cast from pointer to integer of different size [-Wpointer-to-int-cast]
11451 |         additional_includedir="$withval/include"
      |        ^
configure:11392: $? = 0
configure:11395: test -s conftest
configure:11398: $? = 0
configure:11409: result: yes
configure:11942: checking whether to use NLS
configure:11944: result: yes
configure:11947: checking where the gettext function comes from
configure:11958: result: libc
configure:12137: result: setting up partial database directory ...
configure:12170: result: partial database directory is lib/scrollkeeper
configure:12290: creating ./config.status

## ---------------------- ##
## Running config.status. ##
## ---------------------- ##

This file was extended by config.status, which was
generated by GNU Autoconf 2.57.  Invocation command line was

  CONFIG_FILES    = 
  CONFIG_HEADERS  = 
  CONFIG_LINKS    = 
  CONFIG_COMMANDS = 
  $ ./config.status 

on eya-VirtualBox

config.status:766: creating libs/Makefile
config.status:766: creating libuuid/Makefile
config.status:766: creating buildtools/Makefile
config.status:766: creating cl/Makefile
config.status:766: creating cl/src/Makefile
config.status:766: creating cl/templates/Makefile
config.status:766: creating extract/Makefile
config.status:766: creating extract/src/Makefile
config.status:766: creating extract/stylesheets/Makefile
config.status:766: creating extract/dtds/Makefile
config.status:766: creating scripts/scrollkeeper-config
config.status:766: creating scripts/scrollkeeper-get-content-list
config.status:766: creating scripts/scrollkeeper-get-extended-content-list
config.status:766: creating scripts/scrollkeeper-get-toc-from-id
config.status:766: creating scripts/scrollkeeper-get-toc-from-docpath
config.status:766: creating scripts/scrollkeeper-get-index-from-docpath
config.status:766: creating scripts/scrollkeeper-rebuilddb
config.status:766: creating scripts/Makefile
config.status:766: creating man/Makefile
config.status:766: creating man/man1/Makefile
config.status:766: creating man/man5/Makefile
config.status:766: creating man/man7/Makefile
config.status:766: creating man/man8/Makefile
config.status:766: creating config/scrollkeeper.conf
config.status:766: creating config/Makefile
config.status:766: creating intl/Makefile
config.status:766: creating m4/Makefile
config.status:766: creating po/Makefile.in
config.status:766: creating doc/Makefile
config.status:766: creating doc/writing_scrollkeeper_omf_files/Makefile
config.status:766: creating doc/writing_scrollkeeper_omf_files/C/Makefile
config.status:766: creating Makefile
config.status:766: creating scrollkeeper.spec
config.status:870: creating config.h
config.status:1242: executing depfiles commands
config.status:1242: executing default-1 commands
config.status:1242: executing default-2 commands
configure:13739:
   Default OMF search paths (in /etc/scrollkeeper.conf):
      /usr/share/omf:/usr/local/share/omf:/opt/gnome/share/omf:/opt/gnome-2.0/share/omf:/opt/kde/omf

   Scrollkeeper database directory:
      /var/lib/scrollkeeper

   Now type 'make' to build scrollkeeper.

## ---------------- ##
## Cache variables. ##
## ---------------- ##

ac_cv_build=x86_64-unknown-linux-gnu
ac_cv_build_alias=x86_64-unknown-linux-gnu
ac_cv_c_compiler_gnu=yes
ac_cv_c_const=yes
ac_cv_c_inline=inline
ac_cv_env_CC_set=
ac_cv_env_CC_value=
ac_cv_env_CFLAGS_set=
ac_cv_env_CFLAGS_value=
ac_cv_env_CPPFLAGS_set=
ac_cv_env_CPPFLAGS_value=
ac_cv_env_CPP_set=
ac_cv_env_CPP_value=
ac_cv_env_LDFLAGS_set=
ac_cv_env_LDFLAGS_value=
ac_cv_env_build_alias_set=
ac_cv_env_build_alias_value=
ac_cv_env_host_alias_set=
ac_cv_env_host_alias_value=
ac_cv_env_target_alias_set=
ac_cv_env_target_alias_value=
ac_cv_exeext=
ac_cv_func___argz_count=yes
ac_cv_func___argz_next=yes
ac_cv_func___argz_stringify=yes
ac_cv_func___fsetlocking=yes
ac_cv_func_alloca_works=yes
ac_cv_func_feof_unlocked=yes
ac_cv_func_fgets_unlocked=yes
ac_cv_func_getc_unlocked=yes
ac_cv_func_getcwd=yes
ac_cv_func_getegid=yes
ac_cv_func_geteuid=yes
ac_cv_func_getgid=yes
ac_cv_func_getpagesize=yes
ac_cv_func_getuid=yes
ac_cv_func_getwd=yes
ac_cv_func_mempcpy=yes
ac_cv_func_mmap_fixed_mapped=yes
ac_cv_func_munmap=yes
ac_cv_func_putenv=yes
ac_cv_func_setenv=yes
ac_cv_func_setlocale=yes
ac_cv_func_stpcpy=yes
ac_cv_func_strcasecmp=yes
ac_cv_func_strdup=yes
ac_cv_func_strtoul=yes
ac_cv_func_tsearch=yes
ac_cv_gnu_library_2_1=yes
ac_cv_header_argz_h=yes
ac_cv_header_dlfcn_h=yes
ac_cv_header_inttypes_h=yes
ac_cv_header_limits_h=yes
ac_cv_header_locale_h=yes
ac_cv_header_malloc_h=yes
ac_cv_header_memory_h=yes
ac_cv_header_nl_types_h=yes
ac_cv_header_stdc=yes
ac_cv_header_stddef_h=yes
ac_cv_header_stdint_h=yes
ac_cv_header_stdlib_h=yes
ac_cv_header_string_h=yes
ac_cv_header_strings_h=yes
ac_cv_header_sys_param_h=yes
ac_cv_header_sys_stat_h=yes
ac_cv_header_sys_types_h=yes
ac_cv_header_unistd_h=yes
ac_cv_host=x86_64-unknown-linux-gnu
ac_cv_host_alias=x86_64-unknown-linux-gnu
ac_cv_lib_cposix_strerror=no
ac_cv_objext=o
ac_cv_path_GMSGFMT=/usr/bin/msgfmt
ac_cv_path_INTLTOOL_PERL=/usr/bin/perl
ac_cv_path_MSGFMT=/usr/bin/msgfmt
ac_cv_path_MSGMERGE=/usr/bin/msgmerge
ac_cv_path_XGETTEXT=/usr/bin/xgettext
ac_cv_path_XML_CONFIG=/usr/bin/xml2-config
ac_cv_path_XSLT_CONFIG=/usr/bin/xslt-config
ac_cv_path_install='/usr/bin/install -c'
ac_cv_prog_AWK=mawk
ac_cv_prog_CPP='gcc -E'
ac_cv_prog_ac_ct_CC=gcc
ac_cv_prog_ac_ct_RANLIB=ranlib
ac_cv_prog_ac_ct_STRIP=strip
ac_cv_prog_cc_g=yes
ac_cv_prog_cc_stdc=
ac_cv_prog_egrep='grep -E'
ac_cv_prog_make_make_set=yes
ac_cv_target=x86_64-unknown-linux-gnu
ac_cv_target_alias=x86_64-unknown-linux-gnu
ac_cv_type_off_t=yes
ac_cv_type_size_t=yes
ac_cv_type_unsigned_long_long=yes
ac_cv_working_alloca_h=yes
acl_cv_hardcode_direct=no
acl_cv_hardcode_libdir_flag_spec='${wl}-rpath ${wl}$libdir'
acl_cv_hardcode_libdir_separator=
acl_cv_hardcode_minus_L=no
acl_cv_libext=a
acl_cv_path_LD=/usr/bin/ld
acl_cv_prog_gnu_ld=yes
acl_cv_rpath=done
acl_cv_shlibext=so
acl_cv_wl=-Wl,
am_cv_CC_dependencies_compiler_type=gcc3
am_cv_func_iconv=yes
am_cv_langinfo_codeset=yes
am_cv_lib_iconv=no
am_cv_proto_iconv='extern size_t iconv (iconv_t cd, char * *inbuf, size_t *inbytesleft, char * *outbuf, size_t *outbytesleft);'
am_cv_proto_iconv_arg1=
am_cv_val_LC_MESSAGES=yes
gt_cv_func_gnugettext1_libc=yes
gt_cv_header_inttypes_h=yes
gt_cv_int_divbyzero_sigfpe=yes
gt_cv_inttypes_pri_broken=no
jm_ac_cv_header_inttypes_h=yes
jm_ac_cv_header_stdint_h=yes
lt_cv_archive_cmds_need_lc=no
lt_cv_compiler_c_o=yes
lt_cv_compiler_o_lo=yes
lt_cv_deplibs_check_method='file_magic ELF [0-9][0-9]*-bit [LM]SB (shared object|dynamic lib )'
lt_cv_file_magic_cmd='$MAGIC_CMD'
lt_cv_file_magic_test_file='/lib/libc.so* /lib/libc-*.so'
lt_cv_global_symbol_to_c_name_address='sed -n -e '\''s/^: \([^ ]*\) $/  {\"\1\", (lt_ptr) 0},/p'\'' -e '\''s/^[BCDEGRST] \([^ ]*\) \([^ ]*\)$/  {"\2", (lt_ptr) \&\2},/p'\'''
lt_cv_global_symbol_to_cdecl='sed -n -e '\''s/^. .* \(.*\)$/extern char \1;/p'\'''
lt_cv_ld_reload_flag=-r
lt_cv_path_LD=/usr/bin/ld
lt_cv_path_MAGIC_CMD=/usr/bin/file
lt_cv_path_NM='/usr/bin/nm -B'
lt_cv_path_SED=/usr/bin/sed
lt_cv_prog_cc_can_build_shared=yes
lt_cv_prog_cc_no_builtin=
lt_cv_prog_cc_pic=' -fPIC'
lt_cv_prog_cc_pic_works=yes
lt_cv_prog_cc_shlib=
lt_cv_prog_cc_static=-static
lt_cv_prog_cc_static_works=yes
lt_cv_prog_cc_wl=-Wl,
lt_cv_prog_gnu_ld=yes
lt_cv_sys_global_symbol_pipe='sed -n -e '\''s/^.*[ 	]\([ABCDGISTW][ABCDGISTW]*\)[ 	][ 	]*\(\)\([_A-Za-z][_A-Za-z0-9]*\)$/\1 \2\3 \3/p'\'''
nls_cv_force_use_gnu_gettext=no
nls_cv_header_intl=
nls_cv_header_libgt=
nls_cv_use_gnu_gettext=no

## ----------------- ##
## Output variables. ##
## ----------------- ##

ACLOCAL='${SHELL} /home/eya/Téléchargements/glade-2.12.2/scrollkeeper-0.3.14/missing --run aclocal-1.7'
ALLOCA=''
AMDEPBACKSLASH='\'
AMDEP_FALSE='#'
AMDEP_TRUE=''
AMTAR='${SHELL} /home/eya/Téléchargements/glade-2.12.2/scrollkeeper-0.3.14/missing --run tar'
AUTOCONF='${SHELL} /home/eya/Téléchargements/glade-2.12.2/scrollkeeper-0.3.14/missing --run autoconf'
AUTOHEADER='${SHELL} /home/eya/Téléchargements/glade-2.12.2/scrollkeeper-0.3.14/missing --run autoheader'
AUTOMAKE='${SHELL} /home/eya/Téléchargements/glade-2.12.2/scrollkeeper-0.3.14/missing --run automake-1.7'
AWK='mawk'
BUILD_INCLUDED_LIBINTL='no'
CATOBJEXT='.gmo'
CC='gcc'
CCDEPMODE='depmode=gcc3'
CFLAGS='-g -O2'
CPP='gcc -E'
CPPFLAGS=''
CYGPATH_W='echo'
DATADIRNAME='share'
DEFS='-DHAVE_CONFIG_H'
DEPDIR='.deps'
ECHO='echo'
ECHO_C=''
ECHO_N='-n'
ECHO_T=''
EGREP='grep -E'
EXEEXT=''
GENCAT='gencat'
GETTEXT_PACKAGE='scrollkeeper'
GLIBC21='yes'
GMSGFMT='/usr/bin/msgfmt'
HOST_TYPE=''
INSTALL_DATA='${INSTALL} -m 644'
INSTALL_PROGRAM='${INSTALL}'
INSTALL_SCRIPT='${INSTALL}'
INSTALL_STRIP_PROGRAM='${SHELL} $(install_sh) -c -s'
INSTOBJEXT='.mo'
INTLBISON=':'
INTLLIBS=''
INTLOBJS=''
INTLTOOL_CAVES_RULE='%.caves:     %.caves.in     $(INTLTOOL_MERGE) $(wildcard $(top_srcdir)/po/*.po) ; LC_ALL=C $(INTLTOOL_MERGE) $(top_srcdir)/po $< $@ -d -u -c $(top_builddir)/po/.intltool-merge-cache'
INTLTOOL_DESKTOP_RULE='%.desktop:   %.desktop.in   $(INTLTOOL_MERGE) $(wildcard $(top_srcdir)/po/*.po) ; LC_ALL=C $(INTLTOOL_MERGE) $(top_srcdir)/po $< $@ -d -u -c $(top_builddir)/po/.intltool-merge-cache'
INTLTOOL_DIRECTORY_RULE='%.directory: %.directory.in $(INTLTOOL_MERGE) $(wildcard $(top_srcdir)/po/*.po) ; LC_ALL=C $(INTLTOOL_MERGE) $(top_srcdir)/po $< $@ -d -u -c $(top_builddir)/po/.intltool-merge-cache'
INTLTOOL_EXTRACT='$(top_builddir)/intltool-extract'
INTLTOOL_KBD_RULE='%.kbd:       %.kbd.in       $(INTLTOOL_MERGE) $(wildcard $(top_srcdir)/po/*.po) ; LC_ALL=C $(INTLTOOL_MERGE) $(top_srcdir)/po $< $@ -x -u -m -c $(top_builddir)/po/.intltool-merge-cache'
INTLTOOL_KEYS_RULE='%.keys:      %.keys.in      $(INTLTOOL_MERGE) $(wildcard $(top_srcdir)/po/*.po) ; LC_ALL=C $(INTLTOOL_MERGE) $(top_srcdir)/po $< $@ -k -u -c $(top_builddir)/po/.intltool-merge-cache'
INTLTOOL_MERGE='$(top_builddir)/intltool-merge'
INTLTOOL_OAF_RULE='%.oaf:       %.oaf.in       $(INTLTOOL_MERGE) $(wildcard $(top_srcdir)/po/*.po) ; LC_ALL=C $(INTLTOOL_MERGE) $(top_srcdir)/po $< $@ -o -p'
INTLTOOL_PERL='/usr/bin/perl'
INTLTOOL_PONG_RULE='%.pong:      %.pong.in      $(INTLTOOL_MERGE) $(wildcard $(top_srcdir)/po/*.po) ; LC_ALL=C $(INTLTOOL_MERGE) $(top_srcdir)/po $< $@ -x -u -c $(top_builddir)/po/.intltool-merge-cache'
INTLTOOL_PROP_RULE='%.prop:      %.prop.in      $(INTLTOOL_MERGE) $(wildcard $(top_srcdir)/po/*.po) ; LC_ALL=C $(INTLTOOL_MERGE) $(top_srcdir)/po $< $@ -d -u -c $(top_builddir)/po/.intltool-merge-cache'
INTLTOOL_SCHEMAS_RULE='%.schemas:   %.schemas.in   $(INTLTOOL_MERGE) $(wildcard $(top_srcdir)/po/*.po) ; LC_ALL=C $(INTLTOOL_MERGE) $(top_srcdir)/po $< $@ -s -u -c $(top_builddir)/po/.intltool-merge-cache'
INTLTOOL_SERVER_RULE='%.server:    %.server.in    $(INTLTOOL_MERGE) $(wildcard $(top_srcdir)/po/*.po) ; LC_ALL=C $(INTLTOOL_MERGE) $(top_srcdir)/po $< $@ -o -u -c $(top_builddir)/po/.intltool-merge-cache'
INTLTOOL_SHEET_RULE='%.sheet:     %.sheet.in     $(INTLTOOL_MERGE) $(wildcard $(top_srcdir)/po/*.po) ; LC_ALL=C $(INTLTOOL_MERGE) $(top_srcdir)/po $< $@ -x -u -c $(top_builddir)/po/.intltool-merge-cache'
INTLTOOL_SOUNDLIST_RULE='%.soundlist: %.soundlist.in $(INTLTOOL_MERGE) $(wildcard $(top_srcdir)/po/*.po) ; LC_ALL=C $(INTLTOOL_MERGE) $(top_srcdir)/po $< $@ -d -u -c $(top_builddir)/po/.intltool-merge-cache'
INTLTOOL_THEME_RULE='%.theme:     %.theme.in     $(INTLTOOL_MERGE) $(wildcard $(top_srcdir)/po/*.po) ; LC_ALL=C $(INTLTOOL_MERGE) $(top_srcdir)/po $< $@ -d -u -c $(top_builddir)/po/.intltool-merge-cache'
INTLTOOL_UI_RULE='%.ui:        %.ui.in        $(INTLTOOL_MERGE) $(wildcard $(top_srcdir)/po/*.po) ; LC_ALL=C $(INTLTOOL_MERGE) $(top_srcdir)/po $< $@ -x -u -c $(top_builddir)/po/.intltool-merge-cache'
INTLTOOL_UPDATE='$(top_builddir)/intltool-update'
INTLTOOL_XAM_RULE='%.xam:       %.xml.in       $(INTLTOOL_MERGE) $(wildcard $(top_srcdir)/po/*.po) ; LC_ALL=C $(INTLTOOL_MERGE) $(top_srcdir)/po $< $@ -x -u -c $(top_builddir)/po/.intltool-merge-cache'
INTLTOOL_XML_RULE='%.xml:       %.xml.in       $(INTLTOOL_MERGE) $(wildcard $(top_srcdir)/po/*.po) ; LC_ALL=C $(INTLTOOL_MERGE) $(top_srcdir)/po $< $@ -x -u -c $(top_builddir)/po/.intltool-merge-cache'
INTL_LIBTOOL_SUFFIX_PREFIX=''
LDFLAGS=''
LIBICONV=''
LIBINTL=''
LIBOBJS=''
LIBS=''
LIBTOOL='$(SHELL) $(top_builddir)/libtool'
LIBXML2_REQUIRED='2.4.19'
LN_S='ln -s'
LTLIBICONV=''
LTLIBINTL=''
LTLIBOBJS=''
MAKEINFO='${SHELL} /home/eya/Téléchargements/glade-2.12.2/scrollkeeper-0.3.14/missing --run makeinfo'
MKINSTALLDIRS='$(top_builddir)/./mkinstalldirs'
MSGFMT='/usr/bin/msgfmt'
MSGMERGE='/usr/bin/msgmerge'
OBJEXT='o'
OMFDIRS='/usr/share/omf:/usr/local/share/omf:/opt/gnome/share/omf:/opt/gnome-2.0/share/omf:/opt/kde/omf'
PACKAGE='scrollkeeper'
PACKAGE_BUGREPORT=''
PACKAGE_NAME=''
PACKAGE_STRING=''
PACKAGE_TARNAME=''
PACKAGE_VERSION=''
PATH_SEPARATOR=':'
POSUB='po'
RANLIB='ranlib'
SCROLLKEEPER_PARTIAL_DB_DIR='lib/scrollkeeper'
SET_MAKE=''
SHELL='/bin/bash'
STRIP='strip'
USE_INCLUDED_LIBINTL='no'
USE_NLS='yes'
VERSION='0.3.14'
XGETTEXT='/usr/bin/xgettext'
XML_CATALOG='/etc/xml/catalog'
XML_CFLAGS='-I/usr/include/libxml2'
XML_CONFIG='/usr/bin/xml2-config'
XML_LIBS='-lxml2'
XSLT_CFLAGS='-I/usr/include/libxml2'
XSLT_CONFIG='/usr/bin/xslt-config'
XSLT_LIBS='-lxslt -lxml2'
ac_ct_CC='gcc'
ac_ct_RANLIB='ranlib'
ac_ct_STRIP='strip'
am__fastdepCC_FALSE='#'
am__fastdepCC_TRUE=''
am__include='include'
am__leading_dot='.'
am__quote=''
bindir='${exec_prefix}/bin'
build='x86_64-unknown-linux-gnu'
build_alias=''
build_cpu='x86_64'
build_os='linux-gnu'
build_vendor='unknown'
datadir='${prefix}/share'
exec_prefix='${prefix}'
host='x86_64-unknown-linux-gnu'
host_alias=''
host_cpu='x86_64'
host_os='linux-gnu'
host_vendor='unknown'
includedir='${prefix}/include'
infodir='${prefix}/info'
install_sh='/home/eya/Téléchargements/glade-2.12.2/scrollkeeper-0.3.14/install-sh'
libdir='${exec_prefix}/lib'
libexecdir='${exec_prefix}/libexec'
localstatedir='/var'
mandir='${prefix}/man'
oldincludedir='/usr/include'
prefix='/usr'
program_transform_name='s,x,x,'
sbindir='${exec_prefix}/sbin'
sharedstatedir='${prefix}/com'
sysconfdir='/etc'
target='x86_64-unknown-linux-gnu'
target_alias=''
target_cpu='x86_64'
target_os='linux-gnu'
target_vendor='unknown'

## ----------- ##
## confdefs.h. ##
## ----------- ##

#define DB_PUBLIC_ID "-//OASIS//DTD DocBook XML V4.2//EN"
#define DB_SYSTEM_ID "http://www.oasis-open.org/docbook/xml/4.2/docbookx.dtd"
#define ENABLE_NLS 1
#define HAVE_ALLOCA 1
#define HAVE_ALLOCA_H 1
#define HAVE_ARGZ_H 1
#define HAVE_DCGETTEXT 1
#define HAVE_DLFCN_H 1
#define HAVE_FEOF_UNLOCKED 1
#define HAVE_FGETS_UNLOCKED 1
#define HAVE_GETCWD 1
#define HAVE_GETCWD 1
#define HAVE_GETC_UNLOCKED 1
#define HAVE_GETEGID 1
#define HAVE_GETEUID 1
#define HAVE_GETGID 1
#define HAVE_GETPAGESIZE 1
#define HAVE_GETTEXT 1
#define HAVE_GETUID 1
#define HAVE_GETWD 1
#define HAVE_ICONV 1
#define HAVE_INTTYPES_H 1
#define HAVE_INTTYPES_H 1
#define HAVE_INTTYPES_H_WITH_UINTMAX 1
#define HAVE_LANGINFO_CODESET 1
#define HAVE_LC_MESSAGES 1
#define HAVE_LIMITS_H 1
#define HAVE_LOCALE_H 1
#define HAVE_MALLOC_H 1
#define HAVE_MEMORY_H 1
#define HAVE_MEMPCPY 1
#define HAVE_MMAP 1
#define HAVE_MUNMAP 1
#define HAVE_NL_TYPES_H 1
#define HAVE_PUTENV 1
#define HAVE_PUTENV 1
#define HAVE_SETENV 1
#define HAVE_SETLOCALE 1
#define HAVE_STDDEF_H 1
#define HAVE_STDINT_H 1
#define HAVE_STDINT_H_WITH_UINTMAX 1
#define HAVE_STDLIB_H 1
#define HAVE_STDLIB_H 1
#define HAVE_STDLIB_H 1
#define HAVE_STPCPY 1
#define HAVE_STRCASECMP 1
#define HAVE_STRDUP 1
#define HAVE_STRDUP 1
#define HAVE_STRINGS_H 1
#define HAVE_STRING_H 1
#define HAVE_STRING_H 1
#define HAVE_STRTOUL 1
#define HAVE_SYS_PARAM_H 1
#define HAVE_SYS_STAT_H 1
#define HAVE_SYS_TYPES_H 1
#define HAVE_TSEARCH 1
#define HAVE_UINTMAX_T 1
#define HAVE_UNISTD_H 1
#define HAVE_UNISTD_H 1
#define HAVE_UNISTD_H 1
#define HAVE_UNSIGNED_LONG_LONG 1
#define HAVE___ARGZ_COUNT 1
#define HAVE___ARGZ_NEXT 1
#define HAVE___ARGZ_STRINGIFY 1
#define HAVE___FSETLOCKING 1
#define ICONV_CONST 
#define INTDIV0_RAISES_SIGFPE 1
#define PACKAGE "scrollkeeper"
#define PACKAGE_BUGREPORT ""
#define PACKAGE_NAME ""
#define PACKAGE_STRING ""
#define PACKAGE_TARNAME ""
#define PACKAGE_VERSION ""
#define SCROLLKEEPERLOCALEDIR "/usr/share/locale"
#define STDC_HEADERS 1
#define VERSION "0.3.14"

configure: exit 0
